#
# There is insufficient memory for the Java Runtime Environment to continue.
# Native memory allocation (malloc) failed to allocate 144336 bytes. Error detail: Chunk::new
# Possible reasons:
#   The system is out of physical RAM or swap space
#   This process is running with CompressedOops enabled, and the Java Heap may be blocking the growth of the native heap
# Possible solutions:
#   Reduce memory load on the system
#   Increase physical memory or swap space
#   Check if swap backing store is full
#   Decrease Java heap size (-Xmx/-Xms)
#   Decrease number of Java threads
#   Decrease Java thread stack sizes (-Xss)
#   Set larger code cache with -XX:ReservedCodeCacheSize=
#   JVM is running with Unscaled Compressed Oops mode in which the Java heap is
#     placed in the first 4GB address space. The Java Heap base address is the
#     maximum limit for the native heap growth. Please use -XX:HeapBaseMinAddress
#     to set the Java Heap base and to place the Java Heap above 4GB virtual address.
# This output file may be truncated or incomplete.
#
#  Out of Memory Error (arena.cpp:150), pid=20144, tid=7140
#
# JRE version: Java(TM) SE Runtime Environment (22.0.1+8) (build 22.0.1+8-16)
# Java VM: Java HotSpot(TM) 64-Bit Server VM (22.0.1+8-16, mixed mode, sharing, tiered, compressed oops, compressed class ptrs, g1 gc, windows-amd64)
# No core dump will be written. Minidumps are not enabled by default on client versions of Windows
#

---------------  S U M M A R Y ------------

Command Line: -javaagent:C:\Program Files\JetBrains\IntelliJ IDEA 2024.1.4\lib\idea_rt.jar=51382:C:\Program Files\JetBrains\IntelliJ IDEA 2024.1.4\bin -Dfile.encoding=UTF-8 -Dsun.stdout.encoding=UTF-8 -Dsun.stderr.encoding=UTF-8 --module-path=C:\Users\ASUS\.m2\repository\org\openjfx\javafx-graphics\22-ea+11\javafx-graphics-22-ea+11-win.jar;C:\Users\ASUS\.m2\repository\org\openjfx\javafx-base\22-ea+11\javafx-base-22-ea+11-win.jar;C:\Users\ASUS\.m2\repository\org\openjfx\javafx-fxml\22-ea+11\javafx-fxml-22-ea+11-win.jar;D:\manage\target\classes;C:\Users\ASUS\.m2\repository\org\openjfx\javafx-controls\22-ea+11\javafx-controls-22-ea+11-win.jar -Djdk.module.main=com.example.manage com.example.manage/com.example.manage.Controller.Main

Host: Intel(R) Core(TM) i5-8265U CPU @ 1.60GHz, 8 cores, 7G,  Windows 11 , 64 bit Build 22621 (10.0.22621.3672)
Time: Tue Jul 23 11:25:12 2024 SE Asia Standard Time elapsed time: 14.064509 seconds (0d 0h 0m 14s)

---------------  T H R E A D  ---------------

Current thread (0x0000013bf7d0fdf0):  JavaThread "C2 CompilerThread0" daemon [_thread_in_native, id=7140, stack(0x0000000a87f00000,0x0000000a88000000) (1024K)]


Current CompileTask:
C2:14064 2795       4       java.lang.StringLatin1::toUpperCase (219 bytes)

Stack: [0x0000000a87f00000,0x0000000a88000000]
Native frames: (J=compiled Java code, j=interpreted, Vv=VM code, C=native code)
V  [jvm.dll+0x6e2279]  (no source info available)
V  [jvm.dll+0x874e33]  (no source info available)
V  [jvm.dll+0x87725e]  (no source info available)
V  [jvm.dll+0x877933]  (no source info available)
V  [jvm.dll+0x27fd76]  (no source info available)
V  [jvm.dll+0xc3d0f]  (no source info available)
V  [jvm.dll+0xc3f6b]  (no source info available)
V  [jvm.dll+0x3bb10c]  (no source info available)
V  [jvm.dll+0x387b6b]  (no source info available)
V  [jvm.dll+0x386fda]  (no source info available)
V  [jvm.dll+0x247918]  (no source info available)
V  [jvm.dll+0x246fbf]  (no source info available)
V  [jvm.dll+0x1c4e90]  (no source info available)
V  [jvm.dll+0x2569fe]  (no source info available)
V  [jvm.dll+0x254cba]  (no source info available)
V  [jvm.dll+0x3f5336]  (no source info available)
V  [jvm.dll+0x81d44b]  (no source info available)
V  [jvm.dll+0x6e0915]  (no source info available)
C  [ucrtbase.dll+0x29333]  (no source info available)
C  [KERNEL32.DLL+0x1257d]  (no source info available)
C  [ntdll.dll+0x5af28]  (no source info available)


---------------  P R O C E S S  ---------------

Threads class SMR info:
_java_thread_list=0x0000013bd55f0bb0, length=19, elements={
0x0000013be8475bb0, 0x0000013bf7d061f0, 0x0000013bf7d08010, 0x0000013bf7d08e20,
0x0000013bf7d09a80, 0x0000013bf7d0c5f0, 0x0000013bf7d0d050, 0x0000013bf7d0fdf0,
0x0000013bf7d135e0, 0x0000013bd41faaf0, 0x0000013bd4638080, 0x0000013bd46386f0,
0x0000013bd51e0010, 0x0000013bd42da650, 0x0000013bd4c0a270, 0x0000013bd5159b30,
0x0000013bd51d04f0, 0x0000013bd55219f0, 0x0000013bd55ebbe0
}

Java Threads: ( => current thread )
  0x0000013be8475bb0 JavaThread "main"                              [_thread_blocked, id=31052, stack(0x0000000a87100000,0x0000000a87200000) (1024K)]
  0x0000013bf7d061f0 JavaThread "Reference Handler"          daemon [_thread_blocked, id=25264, stack(0x0000000a87900000,0x0000000a87a00000) (1024K)]
  0x0000013bf7d08010 JavaThread "Finalizer"                  daemon [_thread_blocked, id=19860, stack(0x0000000a87a00000,0x0000000a87b00000) (1024K)]
  0x0000013bf7d08e20 JavaThread "Signal Dispatcher"          daemon [_thread_blocked, id=8172, stack(0x0000000a87b00000,0x0000000a87c00000) (1024K)]
  0x0000013bf7d09a80 JavaThread "Attach Listener"            daemon [_thread_blocked, id=29764, stack(0x0000000a87c00000,0x0000000a87d00000) (1024K)]
  0x0000013bf7d0c5f0 JavaThread "Service Thread"             daemon [_thread_blocked, id=18236, stack(0x0000000a87d00000,0x0000000a87e00000) (1024K)]
  0x0000013bf7d0d050 JavaThread "Monitor Deflation Thread"   daemon [_thread_blocked, id=14704, stack(0x0000000a87e00000,0x0000000a87f00000) (1024K)]
=>0x0000013bf7d0fdf0 JavaThread "C2 CompilerThread0"         daemon [_thread_in_native, id=7140, stack(0x0000000a87f00000,0x0000000a88000000) (1024K)]
  0x0000013bf7d135e0 JavaThread "C1 CompilerThread0"         daemon [_thread_in_native, id=20768, stack(0x0000000a88000000,0x0000000a88100000) (1024K)]
  0x0000013bd41faaf0 JavaThread "Common-Cleaner"             daemon [_thread_blocked, id=26776, stack(0x0000000a88100000,0x0000000a88200000) (1024K)]
  0x0000013bd4638080 JavaThread "Monitor Ctrl-Break"         daemon [_thread_in_native, id=15876, stack(0x0000000a88300000,0x0000000a88400000) (1024K)]
  0x0000013bd46386f0 JavaThread "Notification Thread"        daemon [_thread_blocked, id=20716, stack(0x0000000a88400000,0x0000000a88500000) (1024K)]
  0x0000013bd51e0010 JavaThread "QuantumRenderer-0"          daemon [_thread_blocked, id=8256, stack(0x0000000a88500000,0x0000000a88600000) (1024K)]
  0x0000013bd42da650 JavaThread "InvokeLaterDispatcher"      daemon [_thread_blocked, id=8124, stack(0x0000000a88200000,0x0000000a88300000) (1024K)]
  0x0000013bd4c0a270 JavaThread "JavaFX Application Thread"         [_thread_in_vm, id=24060, stack(0x0000000a88600000,0x0000000a88700000) (1024K)]
  0x0000013bd5159b30 JavaThread "Thread-1"                   daemon [_thread_in_native, id=27164, stack(0x0000000a88a00000,0x0000000a88b00000) (1024K)]
  0x0000013bd51d04f0 JavaThread "JavaFX-Launcher"                   [_thread_blocked, id=22332, stack(0x0000000a88b00000,0x0000000a88c00000) (1024K)]
  0x0000013bd55219f0 JavaThread "Prism Font Disposer"        daemon [_thread_blocked, id=21916, stack(0x0000000a89600000,0x0000000a89700000) (1024K)]
  0x0000013bd55ebbe0 JavaThread "Cleaner-0"                  daemon [_thread_blocked, id=11752, stack(0x0000000a89700000,0x0000000a89800000) (1024K)]
Total: 19

Other Threads:
  0x0000013bf7ce7f90 VMThread "VM Thread"                           [id=6500, stack(0x0000000a87800000,0x0000000a87900000) (1024K)]
  0x0000013bf7ccb520 WatcherThread "VM Periodic Task Thread"        [id=16080, stack(0x0000000a87700000,0x0000000a87800000) (1024K)]
  0x0000013bea574010 WorkerThread "GC Thread#0"                     [id=8972, stack(0x0000000a87200000,0x0000000a87300000) (1024K)]
  0x0000013bd5214c40 WorkerThread "GC Thread#1"                     [id=30148, stack(0x0000000a88c00000,0x0000000a88d00000) (1024K)]
  0x0000013bd5214ff0 WorkerThread "GC Thread#2"                     [id=25676, stack(0x0000000a88d00000,0x0000000a88e00000) (1024K)]
  0x0000013bd5158ca0 WorkerThread "GC Thread#3"                     [id=1548, stack(0x0000000a88e00000,0x0000000a88f00000) (1024K)]
  0x0000013bd5159050 WorkerThread "GC Thread#4"                     [id=30676, stack(0x0000000a88f00000,0x0000000a89000000) (1024K)]
  0x0000013bd5159400 WorkerThread "GC Thread#5"                     [id=28564, stack(0x0000000a89000000,0x0000000a89100000) (1024K)]
  0x0000013bd523fcb0 WorkerThread "GC Thread#6"                     [id=14820, stack(0x0000000a89100000,0x0000000a89200000) (1024K)]
  0x0000013bd523edf0 WorkerThread "GC Thread#7"                     [id=9148, stack(0x0000000a89200000,0x0000000a89300000) (1024K)]
  0x0000013bea584b80 ConcurrentGCThread "G1 Main Marker"            [id=30972, stack(0x0000000a87300000,0x0000000a87400000) (1024K)]
  0x0000013bea585690 WorkerThread "G1 Conc#0"                       [id=18304, stack(0x0000000a87400000,0x0000000a87500000) (1024K)]
  0x0000013bd59fa3c0 WorkerThread "G1 Conc#1"                       [id=25628, stack(0x0000000a89800000,0x0000000a89900000) (1024K)]
  0x0000013bea5deb10 ConcurrentGCThread "G1 Refine#0"               [id=11404, stack(0x0000000a87500000,0x0000000a87600000) (1024K)]
  0x0000013bf7ba0890 ConcurrentGCThread "G1 Service"                [id=24420, stack(0x0000000a87600000,0x0000000a87700000) (1024K)]
Total: 15

Threads with active compile tasks:
C2 CompilerThread0  14328 2795       4       java.lang.StringLatin1::toUpperCase (219 bytes)
Total: 1

VM state: not at safepoint (normal execution)

VM Mutex/Monitor currently owned by a thread: None

Heap address: 0x0000000082400000, size: 2012 MB, Compressed Oops mode: 32-bit

CDS archive(s) mapped at: [0x0000013b8f000000-0x0000013b8fc60000-0x0000013b8fc60000), size 12976128, SharedBaseAddress: 0x0000013b8f000000, ArchiveRelocationMode: 1.
Compressed class space mapped at: 0x0000013b90000000-0x0000013bd0000000, reserved size: 1073741824
Narrow klass base: 0x0000013b8f000000, Narrow klass shift: 0, Narrow klass range: 0x41000000

GC Precious Log:
 CardTable entry size: 512
 Card Set container configuration: InlinePtr #cards 5 size 8 Array Of Cards #cards 12 size 40 Howl #buckets 4 coarsen threshold 1843 Howl Bitmap #cards 512 size 80 coarsen threshold 460 Card regions per heap region 1 cards per card region 2048
 CPUs: 8 total, 8 available
 Memory: 8043M
 Large Page Support: Disabled
 NUMA Support: Disabled
 Compressed Oops: Enabled (32-bit)
 Heap Region Size: 1M
 Heap Min Capacity: 8M
 Heap Initial Capacity: 126M
 Heap Max Capacity: 2012M
 Pre-touch: Disabled
 Parallel Workers: 8
 Concurrent Workers: 2
 Concurrent Refinement Workers: 8
 Periodic GC: Disabled

Heap:
 garbage-first heap   total reserved 2060288K, committed 40960K, used 11845K [0x0000000082400000, 0x0000000100000000)
  region size 1024K, 7 young (7168K), 6 survivors (6144K)
 Metaspace       used 22280K, committed 22720K, reserved 1114112K
  class space    used 3249K, committed 3456K, reserved 1048576K

Heap Regions: E=young(eden), S=young(survivor), O=old, HS=humongous(starts), HC=humongous(continues), CS=collection set, F=free, TAMS=top-at-mark-start, PB=parsable bottom
|   0|0x0000000082400000, 0x0000000082500000, 0x0000000082500000|100%| O|  |TAMS 0x0000000082400000| PB 0x0000000082400000| Untracked |  0
|   1|0x0000000082500000, 0x0000000082600000, 0x0000000082600000|100%| O|  |TAMS 0x0000000082500000| PB 0x0000000082500000| Untracked |  0
|   2|0x0000000082600000, 0x0000000082700000, 0x0000000082700000|100%| O|  |TAMS 0x0000000082600000| PB 0x0000000082600000| Untracked |  0
|   3|0x0000000082700000, 0x00000000827b78e0, 0x0000000082800000| 71%| O|Cm|TAMS 0x0000000082700000| PB 0x0000000082700000| Complete |  0
|   4|0x0000000082800000, 0x0000000082900000, 0x0000000082900000|100%|HS|  |TAMS 0x0000000082800000| PB 0x0000000082800000| Complete |  0
|   5|0x0000000082900000, 0x0000000082a00000, 0x0000000082a00000|100%|HC|  |TAMS 0x0000000082900000| PB 0x0000000082900000| Complete |  0
|   6|0x0000000082a00000, 0x0000000082a00000, 0x0000000082b00000|  0%| F|  |TAMS 0x0000000082a00000| PB 0x0000000082a00000| Untracked |  0
|   7|0x0000000082b00000, 0x0000000082b00000, 0x0000000082c00000|  0%| F|  |TAMS 0x0000000082b00000| PB 0x0000000082b00000| Untracked |  0
|   8|0x0000000082c00000, 0x0000000082c00000, 0x0000000082d00000|  0%| F|  |TAMS 0x0000000082c00000| PB 0x0000000082c00000| Untracked |  0
|   9|0x0000000082d00000, 0x0000000082d00000, 0x0000000082e00000|  0%| F|  |TAMS 0x0000000082d00000| PB 0x0000000082d00000| Untracked |  0
|  10|0x0000000082e00000, 0x0000000082e00000, 0x0000000082f00000|  0%| F|  |TAMS 0x0000000082e00000| PB 0x0000000082e00000| Untracked |  0
|  11|0x0000000082f00000, 0x0000000082f00000, 0x0000000083000000|  0%| F|  |TAMS 0x0000000082f00000| PB 0x0000000082f00000| Untracked |  0
|  12|0x0000000083000000, 0x0000000083000000, 0x0000000083100000|  0%| F|  |TAMS 0x0000000083000000| PB 0x0000000083000000| Untracked |  0
|  13|0x0000000083100000, 0x0000000083100000, 0x0000000083200000|  0%| F|  |TAMS 0x0000000083100000| PB 0x0000000083100000| Untracked |  0
|  14|0x0000000083200000, 0x0000000083200000, 0x0000000083300000|  0%| F|  |TAMS 0x0000000083200000| PB 0x0000000083200000| Untracked |  0
|  15|0x0000000083300000, 0x0000000083300000, 0x0000000083400000|  0%| F|  |TAMS 0x0000000083300000| PB 0x0000000083300000| Untracked |  0
|  16|0x0000000083400000, 0x0000000083400000, 0x0000000083500000|  0%| F|  |TAMS 0x0000000083400000| PB 0x0000000083400000| Untracked |  0
|  17|0x0000000083500000, 0x0000000083500000, 0x0000000083600000|  0%| F|  |TAMS 0x0000000083500000| PB 0x0000000083500000| Untracked |  0
|  18|0x0000000083600000, 0x0000000083600000, 0x0000000083700000|  0%| F|  |TAMS 0x0000000083600000| PB 0x0000000083600000| Untracked |  0
|  19|0x0000000083700000, 0x0000000083700000, 0x0000000083800000|  0%| F|  |TAMS 0x0000000083700000| PB 0x0000000083700000| Untracked |  0
|  20|0x0000000083800000, 0x0000000083800000, 0x0000000083900000|  0%| F|  |TAMS 0x0000000083800000| PB 0x0000000083800000| Untracked |  0
|  21|0x0000000083900000, 0x0000000083900000, 0x0000000083a00000|  0%| F|  |TAMS 0x0000000083900000| PB 0x0000000083900000| Untracked |  0
|  22|0x0000000083a00000, 0x0000000083a00000, 0x0000000083b00000|  0%| F|  |TAMS 0x0000000083a00000| PB 0x0000000083a00000| Untracked |  0
|  23|0x0000000083b00000, 0x0000000083b00000, 0x0000000083c00000|  0%| F|  |TAMS 0x0000000083b00000| PB 0x0000000083b00000| Untracked |  0
|  24|0x0000000083c00000, 0x0000000083c00000, 0x0000000083d00000|  0%| F|  |TAMS 0x0000000083c00000| PB 0x0000000083c00000| Untracked |  0
|  25|0x0000000083d00000, 0x0000000083d00000, 0x0000000083e00000|  0%| F|  |TAMS 0x0000000083d00000| PB 0x0000000083d00000| Untracked |  0
|  26|0x0000000083e00000, 0x0000000083e00000, 0x0000000083f00000|  0%| F|  |TAMS 0x0000000083e00000| PB 0x0000000083e00000| Untracked |  0
|  27|0x0000000083f00000, 0x0000000083f00000, 0x0000000084000000|  0%| F|  |TAMS 0x0000000083f00000| PB 0x0000000083f00000| Untracked |  0
|  28|0x0000000084000000, 0x0000000084000000, 0x0000000084100000|  0%| F|  |TAMS 0x0000000084000000| PB 0x0000000084000000| Untracked |  0
|  29|0x0000000084100000, 0x0000000084100000, 0x0000000084200000|  0%| F|  |TAMS 0x0000000084100000| PB 0x0000000084100000| Untracked |  0
|  30|0x0000000084200000, 0x0000000084200000, 0x0000000084300000|  0%| F|  |TAMS 0x0000000084200000| PB 0x0000000084200000| Untracked |  0
|  31|0x0000000084300000, 0x0000000084300000, 0x0000000084400000|  0%| F|  |TAMS 0x0000000084300000| PB 0x0000000084300000| Untracked |  0
|  32|0x0000000084400000, 0x0000000084400000, 0x0000000084500000|  0%| F|  |TAMS 0x0000000084400000| PB 0x0000000084400000| Untracked |  0
|  82|0x0000000087600000, 0x00000000876d9bd0, 0x0000000087700000| 85%| S|CS|TAMS 0x0000000087600000| PB 0x0000000087600000| Complete |  0
|  83|0x0000000087700000, 0x0000000087800000, 0x0000000087800000|100%| S|CS|TAMS 0x0000000087700000| PB 0x0000000087700000| Complete |  0
|  84|0x0000000087800000, 0x0000000087900000, 0x0000000087900000|100%| S|CS|TAMS 0x0000000087800000| PB 0x0000000087800000| Complete |  0
|  85|0x0000000087900000, 0x0000000087a00000, 0x0000000087a00000|100%| S|CS|TAMS 0x0000000087900000| PB 0x0000000087900000| Complete |  0
|  86|0x0000000087a00000, 0x0000000087b00000, 0x0000000087b00000|100%| S|CS|TAMS 0x0000000087a00000| PB 0x0000000087a00000| Complete |  0
|  87|0x0000000087b00000, 0x0000000087c00000, 0x0000000087c00000|100%| S|CS|TAMS 0x0000000087b00000| PB 0x0000000087b00000| Complete |  0
| 125|0x000000008a100000, 0x000000008a200000, 0x000000008a200000|100%| E|  |TAMS 0x000000008a100000| PB 0x000000008a100000| Complete |  0

Card table byte_map: [0x0000013bf2f80000,0x0000013bf3370000] _byte_map_base: 0x0000013bf2b6e000

Marking Bits: (CMBitMap*) 0x0000013bea574720
 Bits: [0x0000013bf3370000, 0x0000013bf52e0000)

Polling page: 0x0000013be9ce0000

Metaspace:

Usage:
  Non-class:     18.61 MB used.
      Class:      3.17 MB used.
       Both:     21.78 MB used.

Virtual space:
  Non-class space:       64.00 MB reserved,      18.81 MB ( 29%) committed,  1 nodes.
      Class space:        1.00 GB reserved,       3.38 MB ( <1%) committed,  1 nodes.
             Both:        1.06 GB reserved,      22.19 MB (  2%) committed. 

Chunk freelists:
   Non-Class:  12.92 MB
       Class:  12.67 MB
        Both:  25.59 MB

MaxMetaspaceSize: unlimited
CompressedClassSpaceSize: 1.00 GB
Initial GC threshold: 21.00 MB
Current GC threshold: 35.25 MB
CDS: on
 - commit_granule_bytes: 65536.
 - commit_granule_words: 8192.
 - virtual_space_node_default_size: 8388608.
 - enlarge_chunks_in_place: 1.
 - use_allocation_guard: 0.


Internal statistics:

num_allocs_failed_limit: 3.
num_arena_births: 354.
num_arena_deaths: 0.
num_vsnodes_births: 2.
num_vsnodes_deaths: 0.
num_space_committed: 355.
num_space_uncommitted: 0.
num_chunks_returned_to_freelist: 3.
num_chunks_taken_from_freelist: 970.
num_chunk_merges: 0.
num_chunk_splits: 651.
num_chunks_enlarged: 473.
num_inconsistent_stats: 0.

CodeHeap 'non-profiled nmethods': size=120000Kb used=1130Kb max_used=1130Kb free=118869Kb
 bounds [0x0000013b87ad0000, 0x0000013b87d40000, 0x0000013b8f000000]
CodeHeap 'profiled nmethods': size=120000Kb used=5078Kb max_used=5078Kb free=114921Kb
 bounds [0x0000013b80000000, 0x0000013b80500000, 0x0000013b87530000]
CodeHeap 'non-nmethods': size=5760Kb used=1885Kb max_used=1902Kb free=3875Kb
 bounds [0x0000013b87530000, 0x0000013b877a0000, 0x0000013b87ad0000]
 total_blobs=3738 nmethods=2858 adapters=784
 compilation: enabled
              stopped_count=0, restarted_count=0
 full_count=0

Compilation events (20 events):
Event: 14.042 Thread 0x0000013bf7d135e0 nmethod 2797 0x0000013b804cd290 code [0x0000013b804cd540, 0x0000013b804ce520]
Event: 14.043 Thread 0x0000013bf7d0fdf0 nmethod 2777 0x0000013b87be7c10 code [0x0000013b87be7e20, 0x0000013b87be88d0]
Event: 14.044 Thread 0x0000013bf7d0fdf0 2795       4       java.lang.StringLatin1::toUpperCase (219 bytes)
Event: 14.047 Thread 0x0000013bf7d135e0 2798       3       java.lang.Integer::equals (29 bytes)
Event: 14.047 Thread 0x0000013bf7d135e0 nmethod 2798 0x0000013b804cea90 code [0x0000013b804cec40, 0x0000013b804cefc8]
Event: 14.048 Thread 0x0000013bf7d135e0 2799       3       java.lang.Character::toLowerCase (9 bytes)
Event: 14.049 Thread 0x0000013bf7d135e0 nmethod 2799 0x0000013b804cf090 code [0x0000013b804cf240, 0x0000013b804cf438]
Event: 14.049 Thread 0x0000013bf7d135e0 2800       3       java.lang.Character::toLowerCase (6 bytes)
Event: 14.050 Thread 0x0000013bf7d135e0 nmethod 2800 0x0000013b804cf510 code [0x0000013b804cf6c0, 0x0000013b804cf918]
Event: 14.053 Thread 0x0000013bf7d135e0 2801   !   3       sun.security.jca.ProviderConfig::getProvider (562 bytes)
Event: 14.057 Thread 0x0000013bf7d135e0 nmethod 2801 0x0000013b804cfa10 code [0x0000013b804cff80, 0x0000013b804d2790]
Event: 14.058 Thread 0x0000013bf7d135e0 2802       3       sun.security.jca.ProviderList::getProvider (22 bytes)
Event: 14.058 Thread 0x0000013bf7d135e0 nmethod 2802 0x0000013b804d3810 code [0x0000013b804d39c0, 0x0000013b804d3ba0]
Event: 14.058 Thread 0x0000013bf7d135e0 2806       3       java.lang.StringLatin1::compareToCI (108 bytes)
Event: 14.060 Thread 0x0000013bf7d135e0 nmethod 2806 0x0000013b804d3c90 code [0x0000013b804d3ee0, 0x0000013b804d4778]
Event: 14.060 Thread 0x0000013bf7d135e0 2807       3       java.lang.ref.SoftReference::get (29 bytes)
Event: 14.060 Thread 0x0000013bf7d135e0 nmethod 2807 0x0000013b804d4b90 code [0x0000013b804d4d20, 0x0000013b804d4ee0]
Event: 14.060 Thread 0x0000013bf7d135e0 2804       3       java.lang.String$CaseInsensitiveComparator::compare (13 bytes)
Event: 14.060 Thread 0x0000013bf7d135e0 nmethod 2804 0x0000013b804d4f90 code [0x0000013b804d5140, 0x0000013b804d5428]
Event: 14.060 Thread 0x0000013bf7d135e0 2805       3       java.lang.String$CaseInsensitiveComparator::compare (68 bytes)

GC Heap History (4 events):
Event: 1.723 GC heap before
{Heap before GC invocations=0 (full 0):
 garbage-first heap   total reserved 2060288K, committed 129024K, used 23552K [0x0000000082400000, 0x0000000100000000)
  region size 1024K, 24 young (24576K), 0 survivors (0K)
 Metaspace       used 5160K, committed 5376K, reserved 1114112K
  class space    used 538K, committed 640K, reserved 1048576K
}
Event: 1.731 GC heap after
{Heap after GC invocations=1 (full 0):
 garbage-first heap   total reserved 2060288K, committed 129024K, used 3714K [0x0000000082400000, 0x0000000100000000)
  region size 1024K, 3 young (3072K), 3 survivors (3072K)
 Metaspace       used 5160K, committed 5376K, reserved 1114112K
  class space    used 538K, committed 640K, reserved 1048576K
}
Event: 2.998 GC heap before
{Heap before GC invocations=1 (full 0):
 garbage-first heap   total reserved 2060288K, committed 129024K, used 35458K [0x0000000082400000, 0x0000000100000000)
  region size 1024K, 35 young (35840K), 3 survivors (3072K)
 Metaspace       used 11485K, committed 11712K, reserved 1114112K
  class space    used 1761K, committed 1856K, reserved 1048576K
}
Event: 3.008 GC heap after
{Heap after GC invocations=2 (full 0):
 garbage-first heap   total reserved 2060288K, committed 129024K, used 6344K [0x0000000082400000, 0x0000000100000000)
  region size 1024K, 3 young (3072K), 3 survivors (3072K)
 Metaspace       used 11485K, committed 11712K, reserved 1114112K
  class space    used 1761K, committed 1856K, reserved 1048576K
}

Dll operation events (20 events):
Event: 1.109 Loaded shared library C:\Users\ASUS\.openjfx\cache\22-ea+11\amd64\api-ms-win-crt-locale-l1-1-0.dll
Event: 1.116 Loaded shared library C:\Users\ASUS\.openjfx\cache\22-ea+11\amd64\api-ms-win-crt-math-l1-1-0.dll
Event: 1.122 Loaded shared library C:\Program Files\Java\jdk-22\bin\jimage.dll
Event: 1.126 Loaded shared library C:\Users\ASUS\.openjfx\cache\22-ea+11\amd64\api-ms-win-crt-multibyte-l1-1-0.dll
Event: 1.137 Loaded shared library C:\Users\ASUS\.openjfx\cache\22-ea+11\amd64\api-ms-win-crt-private-l1-1-0.dll
Event: 1.144 Loaded shared library C:\Users\ASUS\.openjfx\cache\22-ea+11\amd64\api-ms-win-crt-process-l1-1-0.dll
Event: 1.158 Loaded shared library C:\Users\ASUS\.openjfx\cache\22-ea+11\amd64\api-ms-win-crt-runtime-l1-1-0.dll
Event: 1.165 Loaded shared library C:\Users\ASUS\.openjfx\cache\22-ea+11\amd64\api-ms-win-crt-stdio-l1-1-0.dll
Event: 1.176 Loaded shared library C:\Users\ASUS\.openjfx\cache\22-ea+11\amd64\api-ms-win-crt-string-l1-1-0.dll
Event: 1.183 Loaded shared library C:\Users\ASUS\.openjfx\cache\22-ea+11\amd64\api-ms-win-crt-time-l1-1-0.dll
Event: 1.191 Loaded shared library C:\Users\ASUS\.openjfx\cache\22-ea+11\amd64\api-ms-win-crt-utility-l1-1-0.dll
Event: 1.227 Loaded shared library C:\Users\ASUS\.openjfx\cache\22-ea+11\amd64\ucrtbase.dll
Event: 1.237 Loaded shared library C:\Users\ASUS\.openjfx\cache\22-ea+11\amd64\vcruntime140.dll
Event: 1.244 Loaded shared library C:\Users\ASUS\.openjfx\cache\22-ea+11\amd64\vcruntime140_1.dll
Event: 1.264 Loaded shared library C:\Users\ASUS\.openjfx\cache\22-ea+11\amd64\msvcp140.dll
Event: 1.272 Loaded shared library C:\Users\ASUS\.openjfx\cache\22-ea+11\amd64\msvcp140_1.dll
Event: 1.283 Loaded shared library C:\Users\ASUS\.openjfx\cache\22-ea+11\amd64\msvcp140_2.dll
Event: 1.377 Loaded shared library C:\Users\ASUS\.openjfx\cache\22-ea+11\amd64\prism_d3d.dll
Event: 1.528 Loaded shared library C:\Users\ASUS\.openjfx\cache\22-ea+11\amd64\glass.dll
Event: 1.976 Loaded shared library C:\Users\ASUS\.openjfx\cache\22-ea+11\amd64\javafx_font.dll

Deoptimization events (20 events):
Event: 6.249 Thread 0x0000013bd4c0a270 Uncommon trap: trap_request=0xffffff45 fr.pc=0x0000013b87be0b7c relative=0x00000000000001dc
Event: 6.249 Thread 0x0000013bd4c0a270 Uncommon trap: reason=unstable_if action=reinterpret pc=0x0000013b87be0b7c method=java.lang.String.lastIndexOf(II)I @ 4 c2
Event: 6.249 Thread 0x0000013bd4c0a270 DEOPT PACKING pc=0x0000013b87be0b7c sp=0x0000000a886fb0b0
Event: 6.249 Thread 0x0000013bd4c0a270 DEOPT UNPACKING pc=0x0000013b875846a2 sp=0x0000000a886fafe0 mode 2
Event: 6.249 Thread 0x0000013bd4c0a270 Uncommon trap: trap_request=0xffffff45 fr.pc=0x0000013b87b166c8 relative=0x0000000000000488
Event: 6.249 Thread 0x0000013bd4c0a270 Uncommon trap: reason=unstable_if action=reinterpret pc=0x0000013b87b166c8 method=java.lang.String.substring(II)Ljava/lang/String; @ 31 c2
Event: 6.249 Thread 0x0000013bd4c0a270 DEOPT PACKING pc=0x0000013b87b166c8 sp=0x0000000a886fb050
Event: 6.249 Thread 0x0000013bd4c0a270 DEOPT UNPACKING pc=0x0000013b875846a2 sp=0x0000000a886fafb0 mode 2
Event: 6.249 Thread 0x0000013bd4c0a270 Uncommon trap: trap_request=0xffffff45 fr.pc=0x0000013b87ad6004 relative=0x0000000000000164
Event: 6.249 Thread 0x0000013bd4c0a270 Uncommon trap: reason=unstable_if action=reinterpret pc=0x0000013b87ad6004 method=java.lang.StringCoding.countPositives([BII)I @ 17 c2
Event: 6.249 Thread 0x0000013bd4c0a270 DEOPT PACKING pc=0x0000013b87ad6004 sp=0x0000000a886faf50
Event: 6.249 Thread 0x0000013bd4c0a270 DEOPT UNPACKING pc=0x0000013b875846a2 sp=0x0000000a886faed8 mode 2
Event: 6.249 Thread 0x0000013bd4c0a270 Uncommon trap: trap_request=0xffffff45 fr.pc=0x0000013b87b3bff8 relative=0x0000000000000598
Event: 6.249 Thread 0x0000013bd4c0a270 Uncommon trap: reason=unstable_if action=reinterpret pc=0x0000013b87b3bff8 method=java.lang.AbstractStringBuilder.inflateIfNeededFor(Ljava/lang/String;)V @ 14 c2
Event: 6.249 Thread 0x0000013bd4c0a270 DEOPT PACKING pc=0x0000013b87b3bff8 sp=0x0000000a886faed0
Event: 6.249 Thread 0x0000013bd4c0a270 DEOPT UNPACKING pc=0x0000013b875846a2 sp=0x0000000a886fadd8 mode 2
Event: 13.919 Thread 0x0000013bd4c0a270 Uncommon trap: trap_request=0xffffff45 fr.pc=0x0000013b87b7c6f0 relative=0x00000000000000d0
Event: 13.919 Thread 0x0000013bd4c0a270 Uncommon trap: reason=unstable_if action=reinterpret pc=0x0000013b87b7c6f0 method=java.lang.ref.SoftReference.get()Ljava/lang/Object; @ 6 c2
Event: 13.919 Thread 0x0000013bd4c0a270 DEOPT PACKING pc=0x0000013b87b7c6f0 sp=0x0000000a886fa230
Event: 13.920 Thread 0x0000013bd4c0a270 DEOPT UNPACKING pc=0x0000013b875846a2 sp=0x0000000a886fa1e8 mode 2

Classes loaded (20 events):
Event: 14.054 Loading class java/security/KeyPairGeneratorSpi done
Event: 14.054 Loading class java/security/KeyPairGenerator done
Event: 14.054 Loading class sun/security/ec/ECKeyPairGenerator
Event: 14.055 Loading class sun/security/ec/ECKeyPairGenerator done
Event: 14.055 Loading class sun/security/util/ECUtil
Event: 14.055 Loading class sun/security/util/ECUtil done
Event: 14.056 Loading class java/security/AlgorithmParameters
Event: 14.056 Loading class java/security/AlgorithmParameters done
Event: 14.056 Loading class java/security/AlgorithmParametersSpi
Event: 14.056 Loading class java/security/AlgorithmParametersSpi done
Event: 14.056 Loading class sun/security/util/ECParameters
Event: 14.057 Loading class sun/security/util/ECParameters done
Event: 14.057 Loading class sun/security/util/ECKeySizeParameterSpec
Event: 14.057 Loading class sun/security/util/ECKeySizeParameterSpec done
Event: 14.057 Loading class java/security/spec/ECGenParameterSpec
Event: 14.057 Loading class java/security/spec/NamedParameterSpec
Event: 14.057 Loading class java/security/spec/NamedParameterSpec done
Event: 14.057 Loading class java/security/spec/ECGenParameterSpec done
Event: 14.057 Loading class java/security/KeyPairGenerator$Delegate
Event: 14.057 Loading class java/security/KeyPairGenerator$Delegate done

Classes unloaded (0 events):
No events

Classes redefined (0 events):
No events

Internal exceptions (20 events):
Event: 3.514 Thread 0x0000013bd4c0a270 Exception <a 'java/lang/NoSuchMethodError'{0x0000000089b25800}: 'void java.lang.invoke.Invokers$Holder.invokeExact_MT(java.lang.Object, java.lang.Object, java.lang.Object, java.lang.Object)'> (0x0000000089b25800) 
thrown [s\open\src\hotspot\share\interpreter\linkResolver.cpp, line 774]
Event: 3.559 Thread 0x0000013bd4c0a270 Exception <a 'java/lang/NoSuchMethodError'{0x0000000089be0b00}: 'void java.lang.invoke.DirectMethodHandle$Holder.invokeSpecial(java.lang.Object, java.lang.Object, double)'> (0x0000000089be0b00) 
thrown [s\open\src\hotspot\share\interpreter\linkResolver.cpp, line 774]
Event: 3.561 Thread 0x0000013bd4c0a270 Exception <a 'java/lang/NoSuchMethodError'{0x0000000089beb248}: 'double java.lang.invoke.DelegatingMethodHandle$Holder.reinvoke_L(java.lang.Object, java.lang.Object, int)'> (0x0000000089beb248) 
thrown [s\open\src\hotspot\share\interpreter\linkResolver.cpp, line 774]
Event: 3.562 Thread 0x0000013bd4c0a270 Exception <a 'java/lang/NoSuchMethodError'{0x0000000089bf50b0}: 'void java.lang.invoke.DelegatingMethodHandle$Holder.reinvoke_L(java.lang.Object, java.lang.Object, double)'> (0x0000000089bf50b0) 
thrown [s\open\src\hotspot\share\interpreter\linkResolver.cpp, line 774]
Event: 3.573 Thread 0x0000013bd4c0a270 Exception <a 'java/io/FileNotFoundException'{0x0000000089a128b0}> (0x0000000089a128b0) 
thrown [s\open\src\hotspot\share\prims\jni.cpp, line 520]
Event: 3.985 Thread 0x0000013bd51e0010 Exception <a 'java/lang/NoSuchMethodError'{0x000000008909bba0}: 'int java.lang.invoke.DirectMethodHandle$Holder.invokeStaticInit(java.lang.Object, java.lang.Object)'> (0x000000008909bba0) 
thrown [s\open\src\hotspot\share\interpreter\linkResolver.cpp, line 774]
Event: 4.214 Thread 0x0000013bd51e0010 Exception <a 'java/lang/NoSuchMethodError'{0x0000000088b617f8}: 'java.lang.Object java.lang.invoke.DirectMethodHandle$Holder.invokeStaticInit(java.lang.Object, int)'> (0x0000000088b617f8) 
thrown [s\open\src\hotspot\share\interpreter\linkResolver.cpp, line 774]
Event: 4.833 Thread 0x0000013bd4c0a270 Exception <a 'java/lang/NoSuchMethodError'{0x0000000088ad6078}: 'long java.lang.invoke.DirectMethodHandle$Holder.invokeStatic(java.lang.Object, java.lang.Object, java.lang.Object)'> (0x0000000088ad6078) 
thrown [s\open\src\hotspot\share\interpreter\linkResolver.cpp, line 774]
Event: 4.834 Thread 0x0000013bd4c0a270 Exception <a 'java/lang/NoSuchMethodError'{0x0000000088ad9448}: 'long java.lang.invoke.DirectMethodHandle$Holder.invokeStaticInit(java.lang.Object, java.lang.Object, java.lang.Object)'> (0x0000000088ad9448) 
thrown [s\open\src\hotspot\share\interpreter\linkResolver.cpp, line 774]
Event: 4.845 Thread 0x0000013bd4c0a270 Exception <a 'java/lang/NoSuchMethodError'{0x0000000088aedb40}: 'java.lang.Object java.lang.invoke.DirectMethodHandle$Holder.newInvokeSpecial(java.lang.Object, java.lang.Object, long)'> (0x0000000088aedb40) 
thrown [s\open\src\hotspot\share\interpreter\linkResolver.cpp, line 774]
Event: 4.846 Thread 0x0000013bd4c0a270 Exception <a 'java/lang/NoSuchMethodError'{0x0000000088af1448}: 'java.lang.Object java.lang.invoke.Invokers$Holder.linkToTargetMethod(java.lang.Object, long, java.lang.Object)'> (0x0000000088af1448) 
thrown [s\open\src\hotspot\share\interpreter\linkResolver.cpp, line 774]
Event: 5.765 Thread 0x0000013bd4c0a270 Exception <a 'sun/nio/fs/WindowsException'{0x00000000889a2640}> (0x00000000889a2640) 
thrown [s\open\src\hotspot\share\prims\jni.cpp, line 520]
Event: 6.073 Thread 0x0000013bd4c0a270 Exception <a 'sun/nio/fs/WindowsException'{0x00000000884289f8}> (0x00000000884289f8) 
thrown [s\open\src\hotspot\share\prims\jni.cpp, line 520]
Event: 6.075 Thread 0x0000013bd4c0a270 Exception <a 'sun/nio/fs/WindowsException'{0x000000008842d468}> (0x000000008842d468) 
thrown [s\open\src\hotspot\share\prims\jni.cpp, line 520]
Event: 6.076 Thread 0x0000013bd4c0a270 Exception <a 'sun/nio/fs/WindowsException'{0x000000008842f540}> (0x000000008842f540) 
thrown [s\open\src\hotspot\share\prims\jni.cpp, line 520]
Event: 6.186 Thread 0x0000013bd4c0a270 Exception <a 'sun/nio/fs/WindowsException'{0x00000000881070e0}> (0x00000000881070e0) 
thrown [s\open\src\hotspot\share\prims\jni.cpp, line 520]
Event: 6.234 Thread 0x0000013bd4c0a270 Exception <a 'java/lang/NoSuchMethodError'{0x0000000088182978}: 'java.lang.Object java.lang.invoke.DirectMethodHandle$Holder.invokeStaticInit(java.lang.Object, int, int, int, int)'> (0x0000000088182978) 
thrown [s\open\src\hotspot\share\interpreter\linkResolver.cpp, line 774]
Event: 6.257 Thread 0x0000013bd4c0a270 Exception <a 'java/lang/NoSuchMethodError'{0x00000000881dc530}: 'java.lang.Object java.lang.invoke.DirectMethodHandle$Holder.invokeStaticInit(java.lang.Object, java.lang.Object, int, int, int, int)'> (0x00000000881dc530) 
thrown [s\open\src\hotspot\share\interpreter\linkResolver.cpp, line 774]
Event: 13.979 Thread 0x0000013bd4c0a270 Exception <a 'sun/nio/fs/WindowsException'{0x000000008805b390}> (0x000000008805b390) 
thrown [s\open\src\hotspot\share\prims\jni.cpp, line 520]
Event: 13.997 Thread 0x0000013bd4c0a270 Exception <a 'sun/nio/fs/WindowsException'{0x000000008806ccf8}> (0x000000008806ccf8) 
thrown [s\open\src\hotspot\share\prims\jni.cpp, line 520]

ZGC Phase Switch (0 events):
No events

VM Operations (20 events):
Event: 3.796 Executing VM operation: HandshakeAllThreads (Deoptimize)
Event: 3.796 Executing VM operation: HandshakeAllThreads (Deoptimize) done
Event: 4.796 Executing VM operation: Cleanup
Event: 4.797 Executing VM operation: Cleanup done
Event: 5.798 Executing VM operation: Cleanup
Event: 5.798 Executing VM operation: Cleanup done
Event: 5.834 Executing VM operation: HandshakeAllThreads (Deoptimize)
Event: 5.834 Executing VM operation: HandshakeAllThreads (Deoptimize) done
Event: 5.844 Executing VM operation: HandshakeAllThreads (Deoptimize)
Event: 5.844 Executing VM operation: HandshakeAllThreads (Deoptimize) done
Event: 5.885 Executing VM operation: HandshakeAllThreads (Deoptimize)
Event: 5.885 Executing VM operation: HandshakeAllThreads (Deoptimize) done
Event: 5.959 Executing VM operation: HandshakeAllThreads (Deoptimize)
Event: 5.959 Executing VM operation: HandshakeAllThreads (Deoptimize) done
Event: 6.959 Executing VM operation: Cleanup
Event: 6.959 Executing VM operation: Cleanup done
Event: 13.963 Executing VM operation: Cleanup
Event: 13.963 Executing VM operation: Cleanup done
Event: 13.999 Executing VM operation: HandshakeAllThreads (Deoptimize)
Event: 13.999 Executing VM operation: HandshakeAllThreads (Deoptimize) done

Events (20 events):
Event: 0.362 Thread 0x0000013bf7d08e20 Thread added: 0x0000013bf7d08e20
Event: 0.363 Thread 0x0000013bf7d09a80 Thread added: 0x0000013bf7d09a80
Event: 0.363 Thread 0x0000013bf7d0c5f0 Thread added: 0x0000013bf7d0c5f0
Event: 0.363 Thread 0x0000013bf7d0d050 Thread added: 0x0000013bf7d0d050
Event: 0.363 Thread 0x0000013bf7d0fdf0 Thread added: 0x0000013bf7d0fdf0
Event: 0.365 Thread 0x0000013bf7d135e0 Thread added: 0x0000013bf7d135e0
Event: 0.440 Thread 0x0000013bd41faaf0 Thread added: 0x0000013bd41faaf0
Event: 0.541 Thread 0x0000013bd42da650 Thread added: 0x0000013bd42da650
Event: 0.707 Thread 0x0000013bd4638080 Thread added: 0x0000013bd4638080
Event: 0.708 Thread 0x0000013bd46386f0 Thread added: 0x0000013bd46386f0
Event: 1.358 Thread 0x0000013bd51e0010 Thread added: 0x0000013bd51e0010
Event: 1.470 Thread 0x0000013bd42da650 Thread exited: 0x0000013bd42da650
Event: 1.533 Thread 0x0000013bd42da650 Thread added: 0x0000013bd42da650
Event: 1.544 Thread 0x0000013bd4c0a270 Thread added: 0x0000013bd4c0a270
Event: 1.675 Thread 0x0000013bd5159b30 Thread added: 0x0000013bd5159b30
Event: 1.723 Thread 0x0000013bd51d04f0 Thread added: 0x0000013bd51d04f0
Event: 2.828 Thread 0x0000013bd55219f0 Thread added: 0x0000013bd55219f0
Event: 4.046 Thread 0x0000013bd55ebbe0 Thread added: 0x0000013bd55ebbe0
Event: 5.937 Thread 0x0000013bd5150a70 Thread added: 0x0000013bd5150a70
Event: 11.262 Thread 0x0000013bd5150a70 Thread exited: 0x0000013bd5150a70


Dynamic libraries:
0x00007ff69f850000 - 0x00007ff69f860000 	C:\Program Files\Java\jdk-22\bin\java.exe
0x00007ff8e6cb0000 - 0x00007ff8e6ec7000 	C:\WINDOWS\SYSTEM32\ntdll.dll
0x00007ff8e5f50000 - 0x00007ff8e6014000 	C:\WINDOWS\System32\KERNEL32.DLL
0x00007ff8e41c0000 - 0x00007ff8e456d000 	C:\WINDOWS\System32\KERNELBASE.dll
0x00007ff8e4570000 - 0x00007ff8e4681000 	C:\WINDOWS\System32\ucrtbase.dll
0x00007ff8b0810000 - 0x00007ff8b082b000 	C:\Program Files\Java\jdk-22\bin\VCRUNTIME140.dll
0x00007ff8b07f0000 - 0x00007ff8b0807000 	C:\Program Files\Java\jdk-22\bin\jli.dll
0x00007ff8e5020000 - 0x00007ff8e50d2000 	C:\WINDOWS\System32\ADVAPI32.dll
0x00007ff8e6310000 - 0x00007ff8e63b7000 	C:\WINDOWS\System32\msvcrt.dll
0x00007ff8e6970000 - 0x00007ff8e6a19000 	C:\WINDOWS\System32\sechost.dll
0x00007ff8e4690000 - 0x00007ff8e46b8000 	C:\WINDOWS\System32\bcrypt.dll
0x00007ff8e4c20000 - 0x00007ff8e4d34000 	C:\WINDOWS\System32\RPCRT4.dll
0x00007ff8e4e50000 - 0x00007ff8e4ffe000 	C:\WINDOWS\System32\USER32.dll
0x00007ff8e48d0000 - 0x00007ff8e48f6000 	C:\WINDOWS\System32\win32u.dll
0x00007ff8c6df0000 - 0x00007ff8c7083000 	C:\WINDOWS\WinSxS\amd64_microsoft.windows.common-controls_6595b64144ccf1df_6.0.22621.3672_none_2713b9d173822955\COMCTL32.dll
0x00007ff8e63c0000 - 0x00007ff8e63e9000 	C:\WINDOWS\System32\GDI32.dll
0x00007ff8e3fe0000 - 0x00007ff8e40f9000 	C:\WINDOWS\System32\gdi32full.dll
0x00007ff8e46c0000 - 0x00007ff8e475a000 	C:\WINDOWS\System32\msvcp_win.dll
0x00007ff8d9d90000 - 0x00007ff8d9d9a000 	C:\WINDOWS\SYSTEM32\VERSION.dll
0x00007ff8e6c30000 - 0x00007ff8e6c61000 	C:\WINDOWS\System32\IMM32.DLL
0x00007ff8cd2d0000 - 0x00007ff8cd2dc000 	C:\Program Files\Java\jdk-22\bin\vcruntime140_1.dll
0x00007ff88b490000 - 0x00007ff88b51e000 	C:\Program Files\Java\jdk-22\bin\msvcp140.dll
0x00007ff86ed80000 - 0x00007ff86fac7000 	C:\Program Files\Java\jdk-22\bin\server\jvm.dll
0x00007ff8e4ba0000 - 0x00007ff8e4c11000 	C:\WINDOWS\System32\WS2_32.dll
0x00007ff8e2e70000 - 0x00007ff8e2ebd000 	C:\WINDOWS\SYSTEM32\POWRPROF.dll
0x00007ff8db330000 - 0x00007ff8db364000 	C:\WINDOWS\SYSTEM32\WINMM.dll
0x00007ff8e2e50000 - 0x00007ff8e2e63000 	C:\WINDOWS\SYSTEM32\UMPDC.dll
0x00007ff8e3100000 - 0x00007ff8e3118000 	C:\WINDOWS\SYSTEM32\kernel.appcore.dll
0x00007ff8ccab0000 - 0x00007ff8ccaba000 	C:\Program Files\Java\jdk-22\bin\jimage.dll
0x00007ff8e1840000 - 0x00007ff8e1a72000 	C:\WINDOWS\SYSTEM32\DBGHELP.DLL
0x00007ff8e5150000 - 0x00007ff8e54d8000 	C:\WINDOWS\System32\combase.dll
0x00007ff8e4ab0000 - 0x00007ff8e4b87000 	C:\WINDOWS\System32\OLEAUT32.dll
0x00007ff8c5d10000 - 0x00007ff8c5d42000 	C:\WINDOWS\SYSTEM32\dbgcore.DLL
0x00007ff8e4970000 - 0x00007ff8e49eb000 	C:\WINDOWS\System32\bcryptPrimitives.dll
0x00007ff8dc200000 - 0x00007ff8dc20f000 	C:\Program Files\Java\jdk-22\bin\instrument.dll
0x00007ff8afbe0000 - 0x00007ff8afbfe000 	C:\Program Files\Java\jdk-22\bin\java.dll
0x00007ff8e5690000 - 0x00007ff8e5eef000 	C:\WINDOWS\System32\SHELL32.dll
0x00007ff8e54e0000 - 0x00007ff8e5685000 	C:\WINDOWS\System32\ole32.dll
0x00007ff8e1f40000 - 0x00007ff8e283c000 	C:\WINDOWS\SYSTEM32\windows.storage.dll
0x00007ff8e1e00000 - 0x00007ff8e1f3f000 	C:\WINDOWS\SYSTEM32\wintypes.dll
0x00007ff8e6020000 - 0x00007ff8e6114000 	C:\WINDOWS\System32\SHCORE.dll
0x00007ff8e6870000 - 0x00007ff8e68ce000 	C:\WINDOWS\System32\shlwapi.dll
0x00007ff8e3f10000 - 0x00007ff8e3f31000 	C:\WINDOWS\SYSTEM32\profapi.dll
0x00007ff88b240000 - 0x00007ff88b317000 	C:\Program Files\Java\jdk-22\bin\jsvml.dll
0x00007ff8cb720000 - 0x00007ff8cb730000 	C:\Program Files\Java\jdk-22\bin\net.dll
0x00007ff8e3570000 - 0x00007ff8e35d9000 	C:\WINDOWS\system32\mswsock.dll
0x00007ff8aecd0000 - 0x00007ff8aece6000 	C:\Program Files\Java\jdk-22\bin\nio.dll
0x00007ff8ab2f0000 - 0x00007ff8ab307000 	C:\Program Files\Java\jdk-22\bin\zip.dll
0x00007ff8ce5f0000 - 0x00007ff8ce60a000 	C:\Program Files\JetBrains\IntelliJ IDEA 2024.1.4\bin\breakgen64.dll
0x0000013bd4d40000 - 0x0000013bd4d43000 	C:\Users\ASUS\.openjfx\cache\22-ea+11\amd64\api-ms-win-core-console-l1-1-0.dll
0x0000013bd4d50000 - 0x0000013bd4d53000 	C:\Users\ASUS\.openjfx\cache\22-ea+11\amd64\api-ms-win-core-console-l1-2-0.dll
0x0000013bd4d60000 - 0x0000013bd4d63000 	C:\Users\ASUS\.openjfx\cache\22-ea+11\amd64\api-ms-win-core-datetime-l1-1-0.dll
0x0000013bd4d70000 - 0x0000013bd4d73000 	C:\Users\ASUS\.openjfx\cache\22-ea+11\amd64\api-ms-win-core-debug-l1-1-0.dll
0x0000013bd4d80000 - 0x0000013bd4d83000 	C:\Users\ASUS\.openjfx\cache\22-ea+11\amd64\api-ms-win-core-errorhandling-l1-1-0.dll
0x0000013bd4d90000 - 0x0000013bd4d94000 	C:\Users\ASUS\.openjfx\cache\22-ea+11\amd64\api-ms-win-core-file-l1-1-0.dll
0x0000013bd4da0000 - 0x0000013bd4da3000 	C:\Users\ASUS\.openjfx\cache\22-ea+11\amd64\api-ms-win-core-file-l1-2-0.dll
0x0000013bd4db0000 - 0x0000013bd4db3000 	C:\Users\ASUS\.openjfx\cache\22-ea+11\amd64\api-ms-win-core-file-l2-1-0.dll
0x0000013bd4dc0000 - 0x0000013bd4dc3000 	C:\Users\ASUS\.openjfx\cache\22-ea+11\amd64\api-ms-win-core-handle-l1-1-0.dll
0x0000013bd4dd0000 - 0x0000013bd4dd3000 	C:\Users\ASUS\.openjfx\cache\22-ea+11\amd64\api-ms-win-core-heap-l1-1-0.dll
0x0000013bd4de0000 - 0x0000013bd4de3000 	C:\Users\ASUS\.openjfx\cache\22-ea+11\amd64\api-ms-win-core-interlocked-l1-1-0.dll
0x0000013bd4df0000 - 0x0000013bd4df3000 	C:\Users\ASUS\.openjfx\cache\22-ea+11\amd64\api-ms-win-core-libraryloader-l1-1-0.dll
0x0000013bd4e00000 - 0x0000013bd4e03000 	C:\Users\ASUS\.openjfx\cache\22-ea+11\amd64\api-ms-win-core-localization-l1-2-0.dll
0x0000013bd4e10000 - 0x0000013bd4e13000 	C:\Users\ASUS\.openjfx\cache\22-ea+11\amd64\api-ms-win-core-memory-l1-1-0.dll
0x0000013bd4e20000 - 0x0000013bd4e23000 	C:\Users\ASUS\.openjfx\cache\22-ea+11\amd64\api-ms-win-core-namedpipe-l1-1-0.dll
0x0000013bd4e30000 - 0x0000013bd4e33000 	C:\Users\ASUS\.openjfx\cache\22-ea+11\amd64\api-ms-win-core-processenvironment-l1-1-0.dll
0x0000013bd4e40000 - 0x0000013bd4e43000 	C:\Users\ASUS\.openjfx\cache\22-ea+11\amd64\api-ms-win-core-processthreads-l1-1-0.dll
0x0000013bd4e50000 - 0x0000013bd4e53000 	C:\Users\ASUS\.openjfx\cache\22-ea+11\amd64\api-ms-win-core-processthreads-l1-1-1.dll
0x0000013bd4e60000 - 0x0000013bd4e63000 	C:\Users\ASUS\.openjfx\cache\22-ea+11\amd64\api-ms-win-core-profile-l1-1-0.dll
0x0000013bd4e70000 - 0x0000013bd4e73000 	C:\Users\ASUS\.openjfx\cache\22-ea+11\amd64\api-ms-win-core-rtlsupport-l1-1-0.dll
0x0000013bd4e80000 - 0x0000013bd4e83000 	C:\Users\ASUS\.openjfx\cache\22-ea+11\amd64\api-ms-win-core-string-l1-1-0.dll
0x0000013bd4e90000 - 0x0000013bd4e93000 	C:\Users\ASUS\.openjfx\cache\22-ea+11\amd64\api-ms-win-core-synch-l1-1-0.dll
0x0000013bd4ea0000 - 0x0000013bd4ea3000 	C:\Users\ASUS\.openjfx\cache\22-ea+11\amd64\api-ms-win-core-synch-l1-2-0.dll
0x0000013bd4eb0000 - 0x0000013bd4eb3000 	C:\Users\ASUS\.openjfx\cache\22-ea+11\amd64\api-ms-win-core-sysinfo-l1-1-0.dll
0x0000013bd4ec0000 - 0x0000013bd4ec3000 	C:\Users\ASUS\.openjfx\cache\22-ea+11\amd64\api-ms-win-core-timezone-l1-1-0.dll
0x0000013bd4ed0000 - 0x0000013bd4ed3000 	C:\Users\ASUS\.openjfx\cache\22-ea+11\amd64\api-ms-win-core-util-l1-1-0.dll
0x0000013bd4ee0000 - 0x0000013bd4ee3000 	C:\Users\ASUS\.openjfx\cache\22-ea+11\amd64\api-ms-win-crt-conio-l1-1-0.dll
0x0000013bd4ef0000 - 0x0000013bd4ef4000 	C:\Users\ASUS\.openjfx\cache\22-ea+11\amd64\api-ms-win-crt-convert-l1-1-0.dll
0x0000013bd4f00000 - 0x0000013bd4f03000 	C:\Users\ASUS\.openjfx\cache\22-ea+11\amd64\api-ms-win-crt-environment-l1-1-0.dll
0x0000013bd4f10000 - 0x0000013bd4f13000 	C:\Users\ASUS\.openjfx\cache\22-ea+11\amd64\api-ms-win-crt-filesystem-l1-1-0.dll
0x0000013bd4f20000 - 0x0000013bd4f23000 	C:\Users\ASUS\.openjfx\cache\22-ea+11\amd64\api-ms-win-crt-heap-l1-1-0.dll
0x0000013bd4f30000 - 0x0000013bd4f33000 	C:\Users\ASUS\.openjfx\cache\22-ea+11\amd64\api-ms-win-crt-locale-l1-1-0.dll
0x0000013bd4f40000 - 0x0000013bd4f45000 	C:\Users\ASUS\.openjfx\cache\22-ea+11\amd64\api-ms-win-crt-math-l1-1-0.dll
0x0000013bd4f50000 - 0x0000013bd4f55000 	C:\Users\ASUS\.openjfx\cache\22-ea+11\amd64\api-ms-win-crt-multibyte-l1-1-0.dll
0x0000013bd4f60000 - 0x0000013bd4f70000 	C:\Users\ASUS\.openjfx\cache\22-ea+11\amd64\api-ms-win-crt-private-l1-1-0.dll
0x0000013bd4f70000 - 0x0000013bd4f73000 	C:\Users\ASUS\.openjfx\cache\22-ea+11\amd64\api-ms-win-crt-process-l1-1-0.dll
0x0000013bd4f80000 - 0x0000013bd4f84000 	C:\Users\ASUS\.openjfx\cache\22-ea+11\amd64\api-ms-win-crt-runtime-l1-1-0.dll
0x0000013bd4f90000 - 0x0000013bd4f94000 	C:\Users\ASUS\.openjfx\cache\22-ea+11\amd64\api-ms-win-crt-stdio-l1-1-0.dll
0x0000013bd4fa0000 - 0x0000013bd4fa4000 	C:\Users\ASUS\.openjfx\cache\22-ea+11\amd64\api-ms-win-crt-string-l1-1-0.dll
0x0000013bd4fb0000 - 0x0000013bd4fb3000 	C:\Users\ASUS\.openjfx\cache\22-ea+11\amd64\api-ms-win-crt-time-l1-1-0.dll
0x0000013bd4fc0000 - 0x0000013bd4fc3000 	C:\Users\ASUS\.openjfx\cache\22-ea+11\amd64\api-ms-win-crt-utility-l1-1-0.dll
0x00007ff8b09b0000 - 0x00007ff8b0aac000 	C:\Users\ASUS\.openjfx\cache\22-ea+11\amd64\ucrtbase.dll
0x00007ff8ce540000 - 0x00007ff8ce55b000 	C:\Users\ASUS\.openjfx\cache\22-ea+11\amd64\vcruntime140.dll
0x00007ff8db530000 - 0x00007ff8db53c000 	C:\Users\ASUS\.openjfx\cache\22-ea+11\amd64\vcruntime140_1.dll
0x00007ff8b0c40000 - 0x00007ff8b0cce000 	C:\Users\ASUS\.openjfx\cache\22-ea+11\amd64\msvcp140.dll
0x00007ff8cf7c0000 - 0x00007ff8cf7c9000 	C:\Users\ASUS\.openjfx\cache\22-ea+11\amd64\msvcp140_1.dll
0x00007ff8ce510000 - 0x00007ff8ce53f000 	C:\Users\ASUS\.openjfx\cache\22-ea+11\amd64\msvcp140_2.dll
0x00007ff8cd2a0000 - 0x00007ff8cd2cf000 	C:\Users\ASUS\.openjfx\cache\22-ea+11\amd64\prism_d3d.dll
0x00007ff8cd730000 - 0x00007ff8cd8d8000 	C:\WINDOWS\system32\d3d9.dll
0x00007ff8de0a0000 - 0x00007ff8de0cb000 	C:\WINDOWS\SYSTEM32\dwmapi.dll
0x00007ff8e1250000 - 0x00007ff8e1289000 	C:\WINDOWS\SYSTEM32\dxcore.dll
0x00007ff8ddd40000 - 0x00007ff8dddef000 	C:\WINDOWS\system32\uxtheme.dll
0x00007ff8b0840000 - 0x00007ff8b09a3000 	C:\WINDOWS\System32\DriverStore\FileRepository\iigd_dch.inf_amd64_e9b40d45ab4dc6b8\igdumdim64.dll
0x00007ff839e80000 - 0x00007ff83d884000 	C:\WINDOWS\System32\DriverStore\FileRepository\iigd_dch.inf_amd64_e9b40d45ab4dc6b8\igd9dxva64.dll
0x00007ff8e63f0000 - 0x00007ff8e6864000 	C:\WINDOWS\System32\SETUPAPI.dll
0x00007ff8e3cc0000 - 0x00007ff8e3d0e000 	C:\WINDOWS\SYSTEM32\cfgmgr32.dll
0x00007ff8d2c90000 - 0x00007ff8d2ecf000 	C:\WINDOWS\System32\DriverStore\FileRepository\iigd_dch.inf_amd64_e9b40d45ab4dc6b8\igdgmm64.dll
0x00007ff8d78d0000 - 0x00007ff8d7919000 	C:\WINDOWS\SYSTEM32\directxdatabasehelper.dll
0x00007ff8cd140000 - 0x00007ff8cd182000 	C:\Users\ASUS\.openjfx\cache\22-ea+11\amd64\glass.dll
0x00007ff8e4d40000 - 0x00007ff8e4e38000 	C:\WINDOWS\System32\COMDLG32.dll
0x00007ff8e6120000 - 0x00007ff8e6273000 	C:\WINDOWS\System32\MSCTF.dll
0x00007ff8cc7f0000 - 0x00007ff8cc817000 	C:\WINDOWS\System32\DriverStore\FileRepository\iigd_dch.inf_amd64_e9b40d45ab4dc6b8\igdinfo64.dll
0x00007ff8d0020000 - 0x00007ff8d2c82000 	C:\WINDOWS\System32\DriverStore\FileRepository\iigd_dch.inf_amd64_e9b40d45ab4dc6b8\igc64.dll
0x00007ff8cd550000 - 0x00007ff8cd564000 	C:\Users\ASUS\.openjfx\cache\22-ea+11\amd64\javafx_font.dll
0x00007ff8d8550000 - 0x00007ff8d87c3000 	C:\WINDOWS\SYSTEM32\dwrite.dll
0x00007ff8e49f0000 - 0x00007ff8e4aa0000 	C:\WINDOWS\System32\clbcatq.dll
0x00007ff8ddb40000 - 0x00007ff8ddcf1000 	C:\WINDOWS\SYSTEM32\WindowsCodecs.dll
0x00007ff8c3860000 - 0x00007ff8c38be000 	C:\WINDOWS\system32\dataexchange.dll
0x00007ff8da0b0000 - 0x00007ff8da33a000 	C:\WINDOWS\system32\twinapi.appcore.dll
0x00007ff8c26f0000 - 0x00007ff8c2722000 	C:\Program Files\Common Files\Microsoft Shared\Ink\rtscom.dll
0x00007ff8bc2d0000 - 0x00007ff8bc41e000 	C:\WINDOWS\SYSTEM32\textinputframework.dll
0x00007ff8d9da0000 - 0x00007ff8d9ed3000 	C:\WINDOWS\SYSTEM32\CoreMessaging.dll
0x00007ff8d6f40000 - 0x00007ff8d72ad000 	C:\WINDOWS\SYSTEM32\CoreUIComponents.dll
0x00007ff8e37d0000 - 0x00007ff8e37dc000 	C:\WINDOWS\SYSTEM32\CRYPTBASE.DLL
0x00007ff8a46f0000 - 0x00007ff8a4707000 	C:\WINDOWS\system32\napinsp.dll
0x00007ff8a46d0000 - 0x00007ff8a46eb000 	C:\WINDOWS\system32\pnrpnsp.dll
0x00007ff8e2b80000 - 0x00007ff8e2c78000 	C:\WINDOWS\SYSTEM32\DNSAPI.dll
0x00007ff8e2b50000 - 0x00007ff8e2b7d000 	C:\WINDOWS\SYSTEM32\IPHLPAPI.DLL
0x00007ff8e5140000 - 0x00007ff8e5149000 	C:\WINDOWS\System32\NSI.dll

dbghelp: loaded successfully - version: 4.0.5 - missing functions: none
symbol engine: initialized successfully - sym options: 0x614 - pdb path: .;C:\Program Files\Java\jdk-22\bin;C:\WINDOWS\SYSTEM32;C:\WINDOWS\WinSxS\amd64_microsoft.windows.common-controls_6595b64144ccf1df_6.0.22621.3672_none_2713b9d173822955;C:\Program Files\Java\jdk-22\bin\server;C:\Program Files\JetBrains\IntelliJ IDEA 2024.1.4\bin;C:\Users\ASUS\.openjfx\cache\22-ea+11\amd64;C:\WINDOWS\System32\DriverStore\FileRepository\iigd_dch.inf_amd64_e9b40d45ab4dc6b8;C:\Program Files\Common Files\Microsoft Shared\Ink

VM Arguments:
jvm_args: -javaagent:C:\Program Files\JetBrains\IntelliJ IDEA 2024.1.4\lib\idea_rt.jar=51382:C:\Program Files\JetBrains\IntelliJ IDEA 2024.1.4\bin -Dfile.encoding=UTF-8 -Dsun.stdout.encoding=UTF-8 -Dsun.stderr.encoding=UTF-8 --module-path=C:\Users\ASUS\.m2\repository\org\openjfx\javafx-graphics\22-ea+11\javafx-graphics-22-ea+11-win.jar;C:\Users\ASUS\.m2\repository\org\openjfx\javafx-base\22-ea+11\javafx-base-22-ea+11-win.jar;C:\Users\ASUS\.m2\repository\org\openjfx\javafx-fxml\22-ea+11\javafx-fxml-22-ea+11-win.jar;D:\manage\target\classes;C:\Users\ASUS\.m2\repository\org\openjfx\javafx-controls\22-ea+11\javafx-controls-22-ea+11-win.jar -Djdk.module.main=com.example.manage 
java_command: com.example.manage/com.example.manage.Controller.Main
java_class_path (initial): C:\Users\ASUS\.m2\repository\org\openjfx\javafx-controls\22-ea+11\javafx-controls-22-ea+11.jar;C:\Users\ASUS\.m2\repository\org\openjfx\javafx-graphics\22-ea+11\javafx-graphics-22-ea+11.jar;C:\Users\ASUS\.m2\repository\org\openjfx\javafx-base\22-ea+11\javafx-base-22-ea+11.jar;C:\Users\ASUS\.m2\repository\org\openjfx\javafx-fxml\22-ea+11\javafx-fxml-22-ea+11.jar;C:\Users\ASUS\.m2\repository\org\controlsfx\controlsfx\11.1.2\controlsfx-11.1.2.jar;C:\Users\ASUS\.m2\repository\com\dlsc\formsfx\formsfx-core\11.6.0\formsfx-core-11.6.0.jar;C:\Users\ASUS\.m2\repository\org\kordamp\bootstrapfx\bootstrapfx-core\0.4.0\bootstrapfx-core-0.4.0.jar;C:\Users\ASUS\Downloads\sqljdbc_12.6.3.0_enu\sqljdbc_12.6\enu\jars\mssql-jdbc-12.6.3.jre8.jar;C:\Users\ASUS\Downloads\sqljdbc_12.6.3.0_enu\sqljdbc_12.6\enu\jars\mssql-jdbc-12.6.3.jre11.jar
Launcher Type: SUN_STANDARD

[Global flags]
     intx CICompilerCount                          = 4                                         {product} {ergonomic}
     uint ConcGCThreads                            = 2                                         {product} {ergonomic}
     uint G1ConcRefinementThreads                  = 8                                         {product} {ergonomic}
   size_t G1HeapRegionSize                         = 1048576                                   {product} {ergonomic}
   size_t InitialHeapSize                          = 132120576                                 {product} {ergonomic}
   size_t MarkStackSize                            = 4194304                                   {product} {ergonomic}
   size_t MaxHeapSize                              = 2109734912                                {product} {ergonomic}
   size_t MaxNewSize                               = 1265631232                                {product} {ergonomic}
   size_t MinHeapDeltaBytes                        = 1048576                                   {product} {ergonomic}
   size_t MinHeapSize                              = 8388608                                   {product} {ergonomic}
    uintx NonNMethodCodeHeapSize                   = 5839372                                {pd product} {ergonomic}
    uintx NonProfiledCodeHeapSize                  = 122909434                              {pd product} {ergonomic}
    uintx ProfiledCodeHeapSize                     = 122909434                              {pd product} {ergonomic}
    uintx ReservedCodeCacheSize                    = 251658240                              {pd product} {ergonomic}
     bool SegmentedCodeCache                       = true                                      {product} {ergonomic}
   size_t SoftMaxHeapSize                          = 2109734912                             {manageable} {ergonomic}
     bool UseCompressedOops                        = true                           {product lp64_product} {ergonomic}
     bool UseG1GC                                  = true                                      {product} {ergonomic}
     bool UseLargePagesIndividualAllocation        = false                                  {pd product} {ergonomic}

Logging:
Log output configuration:
 #0: stdout all=warning uptime,level,tags foldmultilines=false
 #1: stderr all=off uptime,level,tags foldmultilines=false

Environment Variables:
PATH=C:\Program Files (x86)\Common Files\Oracle\Java\javapath;C:\Program Files\Common Files\Oracle\Java\javapath;C:\WINDOWS\system32;C:\WINDOWS;C:\WINDOWS\System32\Wbem;C:\WINDOWS\System32\WindowsPowerShell\v1.0\;C:\WINDOWS\System32\OpenSSH\;C:\Program Files\Intel\WiFi\bin\;C:\Program Files\Common Files\Intel\WirelessCommon\;C:\Program Files\dotnet\;C:\Program Files (x86)\dotnet\;C:\WINDOWS\system32;C:\WINDOWS;C:\WINDOWS\System32\Wbem;C:\WINDOWS\System32\WindowsPowerShell\v1.0\;C:\WINDOWS\System32\OpenSSH\;C:\Program Files\Git\cmd;C:\xampp\php;C:\composer;C:\Program Files\Microsoft SQL Server\Client SDK\ODBC\170\Tools\Binn\;C:\Program Files\nodejs\;C:\Program Files (x86)\Microsoft SQL Server\160\Tools\Binn\;C:\Program Files\Microsoft SQL Server\160\Tools\Binn\;C:\Program Files\Microsoft SQL Server\160\DTS\Binn\;C:\Program Files (x86)\Microsoft SQL Server\150\Tools\Binn\;C:\Program Files\Microsoft SQL Server\150\Tools\Binn\;C:\Program Files\Microsoft SQL Server\150\DTS\Binn\;C:\Program Files (x86)\Microsoft SQL Server\160\DTS\Binn\;C:\Users\ASUS\Scripts\;C:\Users\ASUS\;C:\Program Files\Common Files\Oracle\Java\javapath;C:\Program Files (x86)\Common Files\Oracle\Java\javapath;C:\WINDOWS\system32;C:\WINDOWS;C:\WINDOWS\System32\Wbem;C:\WINDOWS\System32\WindowsPowerShell\v1.0\;C:\WINDOWS\System32\OpenSSH\;C:\Program Files\Intel\WiFi\bin\;C:\Program Files\Common Files\Intel\WirelessCommon\;C:\Program Files\Microsoft SQL Server\130\Tools\Binn\;C:\Program Files\dotnet\;C:\Program Files\Microsoft SQL Server\Client SDK\ODBC\170\Tools\Binn\;C:\Program Files (x86)\Microsoft SQL Server\150\DTS\Binn\;C:\Program Files\Azure Data Studio\bin;C:\Program Files (x86)\Microsoft SQL Server\110\Tools\Binn\;C:\Program Files\Microsoft SQL Server\110\Tools\Binn\;C:\Program Files\Microsoft SQL Server\110\DTS\Binn\;C:\Program Files (x86)\dotnet\;C:\Program Files (x86)\VMware\VMware Workstation\bin\;C:\Program Files\In;C:\Python34\Scripts\pip;C:\Users\ASUS\.ipython;;C:\Users\ASUS\AppData\Local\Programs\Microsoft VS Code\bin;C:\Users\ASUS\AppData\Local\Microsoft\WindowsApps;C:\Users\ASUS\AppData\Roaming\Composer\vendor\bin;C:\Users\ASUS\.dotnet\tools;C:\Users\ASUS\AppData\Roaming\npm
USERNAME=ASUS
OS=Windows_NT
PROCESSOR_IDENTIFIER=Intel64 Family 6 Model 142 Stepping 11, GenuineIntel
TMP=C:\Users\ASUS\AppData\Local\Temp
TEMP=C:\Users\ASUS\AppData\Local\Temp




Periodic native trim disabled

---------------  S Y S T E M  ---------------

OS:
 Windows 11 , 64 bit Build 22621 (10.0.22621.3672)
OS uptime: 7 days 0:38 hours

CPU: total 8 (initial active 8) (4 cores per cpu, 2 threads per core) family 6 model 142 stepping 11 microcode 0xde, cx8, cmov, fxsr, ht, mmx, 3dnowpref, sse, sse2, sse3, ssse3, sse4.1, sse4.2, popcnt, lzcnt, tsc, tscinvbit, avx, avx2, aes, erms, clmul, bmi1, bmi2, adx, fma, vzeroupper, clflush, clflushopt, rdtscp, f16c
Processor Information for all 8 processors :
  Max Mhz: 1800, Current Mhz: 1600, Mhz Limit: 1584

Memory: 4k page, system-wide physical 8043M (412M free)
TotalPageFile size 25927M (AvailPageFile size 100M)
current process WorkingSet (physical memory assigned to process): 144M, peak: 179M
current process commit charge ("private bytes"): 202M, peak: 299M

vm_info: Java HotSpot(TM) 64-Bit Server VM (22.0.1+8-16) for windows-amd64 JRE (22.0.1+8-16), built on 2024-03-12T10:33:16Z by "mach5one" with MS VC++ 17.6 (VS2022)

END.
