#
# There is insufficient memory for the Java Runtime Environment to continue.
# Native memory allocation (malloc) failed to allocate 954576 bytes. Error detail: Chunk::new
# Possible reasons:
#   The system is out of physical RAM or swap space
#   This process is running with CompressedOops enabled, and the Java Heap may be blocking the growth of the native heap
# Possible solutions:
#   Reduce memory load on the system
#   Increase physical memory or swap space
#   Check if swap backing store is full
#   Decrease Java heap size (-Xmx/-Xms)
#   Decrease number of Java threads
#   Decrease Java thread stack sizes (-Xss)
#   Set larger code cache with -XX:ReservedCodeCacheSize=
#   JVM is running with Unscaled Compressed Oops mode in which the Java heap is
#     placed in the first 4GB address space. The Java Heap base address is the
#     maximum limit for the native heap growth. Please use -XX:HeapBaseMinAddress
#     to set the Java Heap base and to place the Java Heap above 4GB virtual address.
# This output file may be truncated or incomplete.
#
#  Out of Memory Error (arena.cpp:150), pid=26444, tid=31684
#
# JRE version: Java(TM) SE Runtime Environment (22.0.1+8) (build 22.0.1+8-16)
# Java VM: Java HotSpot(TM) 64-Bit Server VM (22.0.1+8-16, mixed mode, sharing, tiered, compressed oops, compressed class ptrs, g1 gc, windows-amd64)
# No core dump will be written. Minidumps are not enabled by default on client versions of Windows
#

---------------  S U M M A R Y ------------

Command Line: -javaagent:C:\Program Files\JetBrains\IntelliJ IDEA 2024.1.4\lib\idea_rt.jar=51388:C:\Program Files\JetBrains\IntelliJ IDEA 2024.1.4\bin -Dfile.encoding=UTF-8 -Dsun.stdout.encoding=UTF-8 -Dsun.stderr.encoding=UTF-8 --module-path=C:\Users\ASUS\.m2\repository\org\openjfx\javafx-graphics\22-ea+11\javafx-graphics-22-ea+11-win.jar;C:\Users\ASUS\.m2\repository\org\openjfx\javafx-base\22-ea+11\javafx-base-22-ea+11-win.jar;C:\Users\ASUS\.m2\repository\org\openjfx\javafx-fxml\22-ea+11\javafx-fxml-22-ea+11-win.jar;D:\manage\target\classes;C:\Users\ASUS\.m2\repository\org\openjfx\javafx-controls\22-ea+11\javafx-controls-22-ea+11-win.jar -Djdk.module.main=com.example.manage com.example.manage/com.example.manage.Controller.Main

Host: Intel(R) Core(TM) i5-8265U CPU @ 1.60GHz, 8 cores, 7G,  Windows 11 , 64 bit Build 22621 (10.0.22621.3672)
Time: Tue Jul 23 11:25:19 2024 SE Asia Standard Time elapsed time: 3.728385 seconds (0d 0h 0m 3s)

---------------  T H R E A D  ---------------

Current thread (0x0000024f62968010):  JavaThread "C2 CompilerThread1" daemon [_thread_in_native, id=31684, stack(0x00000060fc400000,0x00000060fc500000) (1024K)]


Current CompileTask:
C2:3728 2118       4       java.lang.invoke.MethodType::makeImpl (109 bytes)

Stack: [0x00000060fc400000,0x00000060fc500000]
Native frames: (J=compiled Java code, j=interpreted, Vv=VM code, C=native code)
V  [jvm.dll+0x6e2279]  (no source info available)
V  [jvm.dll+0x874e33]  (no source info available)
V  [jvm.dll+0x87725e]  (no source info available)
V  [jvm.dll+0x877933]  (no source info available)
V  [jvm.dll+0x27fd76]  (no source info available)
V  [jvm.dll+0xc3d0f]  (no source info available)
V  [jvm.dll+0xc3f6b]  (no source info available)
V  [jvm.dll+0x2f3c2f]  (no source info available)
V  [jvm.dll+0x60bc9a]  (no source info available)
V  [jvm.dll+0x250db2]  (no source info available)
V  [jvm.dll+0x2493c6]  (no source info available)
V  [jvm.dll+0x246ec6]  (no source info available)
V  [jvm.dll+0x1c4e90]  (no source info available)
V  [jvm.dll+0x2569fe]  (no source info available)
V  [jvm.dll+0x254cba]  (no source info available)
V  [jvm.dll+0x3f5336]  (no source info available)
V  [jvm.dll+0x81d44b]  (no source info available)
V  [jvm.dll+0x6e0915]  (no source info available)
C  [ucrtbase.dll+0x29333]  (no source info available)
C  [KERNEL32.DLL+0x1257d]  (no source info available)
C  [ntdll.dll+0x5af28]  (no source info available)


---------------  P R O C E S S  ---------------

Threads class SMR info:
_java_thread_list=0x0000024f62723360, length=19, elements={
0x0000024f7d8c60b0, 0x0000024f1c408ac0, 0x0000024f1c409ef0, 0x0000024f1c413250,
0x0000024f1c416af0, 0x0000024f1c414390, 0x0000024f1c416460, 0x0000024f1c442f40,
0x0000024f1c445ee0, 0x0000024f1c414a20, 0x0000024f1c4150b0, 0x0000024f1c417180,
0x0000024f1c413d00, 0x0000024f1c415740, 0x0000024f1c415dd0, 0x0000024f62b8dc90,
0x0000024f62b880b0, 0x0000024f62b88740, 0x0000024f62968010
}

Java Threads: ( => current thread )
  0x0000024f7d8c60b0 JavaThread "main"                              [_thread_blocked, id=9700, stack(0x00000060fa200000,0x00000060fa300000) (1024K)]
  0x0000024f1c408ac0 JavaThread "Reference Handler"          daemon [_thread_blocked, id=24128, stack(0x00000060faa00000,0x00000060fab00000) (1024K)]
  0x0000024f1c409ef0 JavaThread "Finalizer"                  daemon [_thread_blocked, id=17664, stack(0x00000060fab00000,0x00000060fac00000) (1024K)]
  0x0000024f1c413250 JavaThread "Signal Dispatcher"          daemon [_thread_blocked, id=31196, stack(0x00000060fac00000,0x00000060fad00000) (1024K)]
  0x0000024f1c416af0 JavaThread "Attach Listener"            daemon [_thread_blocked, id=12680, stack(0x00000060fad00000,0x00000060fae00000) (1024K)]
  0x0000024f1c414390 JavaThread "Service Thread"             daemon [_thread_blocked, id=28552, stack(0x00000060fae00000,0x00000060faf00000) (1024K)]
  0x0000024f1c416460 JavaThread "Monitor Deflation Thread"   daemon [_thread_blocked, id=28048, stack(0x00000060faf00000,0x00000060fb000000) (1024K)]
  0x0000024f1c442f40 JavaThread "C2 CompilerThread0"         daemon [_thread_blocked, id=4496, stack(0x00000060fb000000,0x00000060fb100000) (1024K)]
  0x0000024f1c445ee0 JavaThread "C1 CompilerThread0"         daemon [_thread_blocked, id=18916, stack(0x00000060fb100000,0x00000060fb200000) (1024K)]
  0x0000024f1c414a20 JavaThread "Common-Cleaner"             daemon [_thread_blocked, id=23248, stack(0x00000060fb200000,0x00000060fb300000) (1024K)]
  0x0000024f1c4150b0 JavaThread "Monitor Ctrl-Break"         daemon [_thread_in_native, id=6684, stack(0x00000060fb400000,0x00000060fb500000) (1024K)]
  0x0000024f1c417180 JavaThread "Notification Thread"        daemon [_thread_blocked, id=27468, stack(0x00000060fb500000,0x00000060fb600000) (1024K)]
  0x0000024f1c413d00 JavaThread "QuantumRenderer-0"          daemon [_thread_blocked, id=27692, stack(0x00000060fb600000,0x00000060fb700000) (1024K)]
  0x0000024f1c415740 JavaThread "InvokeLaterDispatcher"      daemon [_thread_blocked, id=11100, stack(0x00000060fb300000,0x00000060fb400000) (1024K)]
  0x0000024f1c415dd0 JavaThread "JavaFX Application Thread"         [_thread_in_native, id=2600, stack(0x00000060fb700000,0x00000060fb800000) (1024K)]
  0x0000024f62b8dc90 JavaThread "Thread-1"                   daemon [_thread_in_native, id=20356, stack(0x00000060fbb00000,0x00000060fbc00000) (1024K)]
  0x0000024f62b880b0 JavaThread "JavaFX-Launcher"                   [_thread_blocked, id=19740, stack(0x00000060fbc00000,0x00000060fbd00000) (1024K)]
  0x0000024f62b88740 JavaThread "Prism Font Disposer"        daemon [_thread_blocked, id=31648, stack(0x00000060fc800000,0x00000060fc900000) (1024K)]
=>0x0000024f62968010 JavaThread "C2 CompilerThread1"         daemon [_thread_in_native, id=31684, stack(0x00000060fc400000,0x00000060fc500000) (1024K)]
Total: 19

Other Threads:
  0x0000024f1c3edb90 VMThread "VM Thread"                           [id=21256, stack(0x00000060fa900000,0x00000060faa00000) (1024K)]
  0x0000024f1c3d2d80 WatcherThread "VM Periodic Task Thread"        [id=30108, stack(0x00000060fa800000,0x00000060fa900000) (1024K)]
  0x0000024f7fb64360 WorkerThread "GC Thread#0"                     [id=29012, stack(0x00000060fa300000,0x00000060fa400000) (1024K)]
  0x0000024f62b9a0d0 WorkerThread "GC Thread#1"                     [id=10988, stack(0x00000060fbd00000,0x00000060fbe00000) (1024K)]
  0x0000024f62b5f8c0 WorkerThread "GC Thread#2"                     [id=19388, stack(0x00000060fbe00000,0x00000060fbf00000) (1024K)]
  0x0000024f62b66d80 WorkerThread "GC Thread#3"                     [id=10760, stack(0x00000060fbf00000,0x00000060fc000000) (1024K)]
  0x0000024f1c43c9b0 WorkerThread "GC Thread#4"                     [id=13020, stack(0x00000060fc000000,0x00000060fc100000) (1024K)]
  0x0000024f1c43cd60 WorkerThread "GC Thread#5"                     [id=3652, stack(0x00000060fc100000,0x00000060fc200000) (1024K)]
  0x0000024f62a72720 WorkerThread "GC Thread#6"                     [id=31276, stack(0x00000060fc200000,0x00000060fc300000) (1024K)]
  0x0000024f62affe80 WorkerThread "GC Thread#7"                     [id=27448, stack(0x00000060fc300000,0x00000060fc400000) (1024K)]
  0x0000024f7fb76090 ConcurrentGCThread "G1 Main Marker"            [id=31392, stack(0x00000060fa400000,0x00000060fa500000) (1024K)]
  0x0000024f7fb77340 WorkerThread "G1 Conc#0"                       [id=30360, stack(0x00000060fa500000,0x00000060fa600000) (1024K)]
  0x0000024f7fbce810 ConcurrentGCThread "G1 Refine#0"               [id=21592, stack(0x00000060fa600000,0x00000060fa700000) (1024K)]
  0x0000024f1c2a3570 ConcurrentGCThread "G1 Service"                [id=22296, stack(0x00000060fa700000,0x00000060fa800000) (1024K)]
Total: 14

Threads with active compile tasks:
C2 CompilerThread1  3940 2118       4       java.lang.invoke.MethodType::makeImpl (109 bytes)
Total: 1

VM state: not at safepoint (normal execution)

VM Mutex/Monitor currently owned by a thread: None

Heap address: 0x0000000082400000, size: 2012 MB, Compressed Oops mode: 32-bit

CDS archive(s) mapped at: [0x0000024f1d000000-0x0000024f1dc60000-0x0000024f1dc60000), size 12976128, SharedBaseAddress: 0x0000024f1d000000, ArchiveRelocationMode: 1.
Compressed class space mapped at: 0x0000024f1e000000-0x0000024f5e000000, reserved size: 1073741824
Narrow klass base: 0x0000024f1d000000, Narrow klass shift: 0, Narrow klass range: 0x41000000

GC Precious Log:
 CardTable entry size: 512
 Card Set container configuration: InlinePtr #cards 5 size 8 Array Of Cards #cards 12 size 40 Howl #buckets 4 coarsen threshold 1843 Howl Bitmap #cards 512 size 80 coarsen threshold 460 Card regions per heap region 1 cards per card region 2048
 CPUs: 8 total, 8 available
 Memory: 8043M
 Large Page Support: Disabled
 NUMA Support: Disabled
 Compressed Oops: Enabled (32-bit)
 Heap Region Size: 1M
 Heap Min Capacity: 8M
 Heap Initial Capacity: 126M
 Heap Max Capacity: 2012M
 Pre-touch: Disabled
 Parallel Workers: 8
 Concurrent Workers: 2
 Concurrent Refinement Workers: 8
 Periodic GC: Disabled

Heap:
 garbage-first heap   total reserved 2060288K, committed 129024K, used 25758K [0x0000000082400000, 0x0000000100000000)
  region size 1024K, 23 young (23552K), 3 survivors (3072K)
 Metaspace       used 16281K, committed 16576K, reserved 1114112K
  class space    used 2629K, committed 2752K, reserved 1048576K

Heap Regions: E=young(eden), S=young(survivor), O=old, HS=humongous(starts), HC=humongous(continues), CS=collection set, F=free, TAMS=top-at-mark-start, PB=parsable bottom
|   0|0x0000000082400000, 0x0000000082500000, 0x0000000082500000|100%| O|  |TAMS 0x0000000082400000| PB 0x0000000082400000| Untracked |  0
|   1|0x0000000082500000, 0x0000000082600000, 0x0000000082600000|100%| O|  |TAMS 0x0000000082500000| PB 0x0000000082500000| Untracked |  0
|   2|0x0000000082600000, 0x0000000082700000, 0x0000000082700000|100%| O|  |TAMS 0x0000000082600000| PB 0x0000000082600000| Untracked |  0
|   3|0x0000000082700000, 0x00000000827c6728, 0x0000000082800000| 77%| O|  |TAMS 0x0000000082700000| PB 0x0000000082700000| Untracked |  0
|   4|0x0000000082800000, 0x0000000082800000, 0x0000000082900000|  0%| F|  |TAMS 0x0000000082800000| PB 0x0000000082800000| Untracked |  0
|   5|0x0000000082900000, 0x0000000082900000, 0x0000000082a00000|  0%| F|  |TAMS 0x0000000082900000| PB 0x0000000082900000| Untracked |  0
|   6|0x0000000082a00000, 0x0000000082a00000, 0x0000000082b00000|  0%| F|  |TAMS 0x0000000082a00000| PB 0x0000000082a00000| Untracked |  0
|   7|0x0000000082b00000, 0x0000000082b00000, 0x0000000082c00000|  0%| F|  |TAMS 0x0000000082b00000| PB 0x0000000082b00000| Untracked |  0
|   8|0x0000000082c00000, 0x0000000082c00000, 0x0000000082d00000|  0%| F|  |TAMS 0x0000000082c00000| PB 0x0000000082c00000| Untracked |  0
|   9|0x0000000082d00000, 0x0000000082d00000, 0x0000000082e00000|  0%| F|  |TAMS 0x0000000082d00000| PB 0x0000000082d00000| Untracked |  0
|  10|0x0000000082e00000, 0x0000000082e00000, 0x0000000082f00000|  0%| F|  |TAMS 0x0000000082e00000| PB 0x0000000082e00000| Untracked |  0
|  11|0x0000000082f00000, 0x0000000082f00000, 0x0000000083000000|  0%| F|  |TAMS 0x0000000082f00000| PB 0x0000000082f00000| Untracked |  0
|  12|0x0000000083000000, 0x0000000083000000, 0x0000000083100000|  0%| F|  |TAMS 0x0000000083000000| PB 0x0000000083000000| Untracked |  0
|  13|0x0000000083100000, 0x0000000083100000, 0x0000000083200000|  0%| F|  |TAMS 0x0000000083100000| PB 0x0000000083100000| Untracked |  0
|  14|0x0000000083200000, 0x0000000083200000, 0x0000000083300000|  0%| F|  |TAMS 0x0000000083200000| PB 0x0000000083200000| Untracked |  0
|  15|0x0000000083300000, 0x0000000083300000, 0x0000000083400000|  0%| F|  |TAMS 0x0000000083300000| PB 0x0000000083300000| Untracked |  0
|  16|0x0000000083400000, 0x0000000083400000, 0x0000000083500000|  0%| F|  |TAMS 0x0000000083400000| PB 0x0000000083400000| Untracked |  0
|  17|0x0000000083500000, 0x0000000083500000, 0x0000000083600000|  0%| F|  |TAMS 0x0000000083500000| PB 0x0000000083500000| Untracked |  0
|  18|0x0000000083600000, 0x0000000083600000, 0x0000000083700000|  0%| F|  |TAMS 0x0000000083600000| PB 0x0000000083600000| Untracked |  0
|  19|0x0000000083700000, 0x0000000083700000, 0x0000000083800000|  0%| F|  |TAMS 0x0000000083700000| PB 0x0000000083700000| Untracked |  0
|  20|0x0000000083800000, 0x0000000083800000, 0x0000000083900000|  0%| F|  |TAMS 0x0000000083800000| PB 0x0000000083800000| Untracked |  0
|  21|0x0000000083900000, 0x0000000083900000, 0x0000000083a00000|  0%| F|  |TAMS 0x0000000083900000| PB 0x0000000083900000| Untracked |  0
|  22|0x0000000083a00000, 0x0000000083a00000, 0x0000000083b00000|  0%| F|  |TAMS 0x0000000083a00000| PB 0x0000000083a00000| Untracked |  0
|  23|0x0000000083b00000, 0x0000000083b00000, 0x0000000083c00000|  0%| F|  |TAMS 0x0000000083b00000| PB 0x0000000083b00000| Untracked |  0
|  24|0x0000000083c00000, 0x0000000083c00000, 0x0000000083d00000|  0%| F|  |TAMS 0x0000000083c00000| PB 0x0000000083c00000| Untracked |  0
|  25|0x0000000083d00000, 0x0000000083d00000, 0x0000000083e00000|  0%| F|  |TAMS 0x0000000083d00000| PB 0x0000000083d00000| Untracked |  0
|  26|0x0000000083e00000, 0x0000000083e00000, 0x0000000083f00000|  0%| F|  |TAMS 0x0000000083e00000| PB 0x0000000083e00000| Untracked |  0
|  27|0x0000000083f00000, 0x0000000083f00000, 0x0000000084000000|  0%| F|  |TAMS 0x0000000083f00000| PB 0x0000000083f00000| Untracked |  0
|  28|0x0000000084000000, 0x0000000084000000, 0x0000000084100000|  0%| F|  |TAMS 0x0000000084000000| PB 0x0000000084000000| Untracked |  0
|  29|0x0000000084100000, 0x0000000084100000, 0x0000000084200000|  0%| F|  |TAMS 0x0000000084100000| PB 0x0000000084100000| Untracked |  0
|  30|0x0000000084200000, 0x0000000084200000, 0x0000000084300000|  0%| F|  |TAMS 0x0000000084200000| PB 0x0000000084200000| Untracked |  0
|  31|0x0000000084300000, 0x0000000084300000, 0x0000000084400000|  0%| F|  |TAMS 0x0000000084300000| PB 0x0000000084300000| Untracked |  0
|  32|0x0000000084400000, 0x0000000084400000, 0x0000000084500000|  0%| F|  |TAMS 0x0000000084400000| PB 0x0000000084400000| Untracked |  0
|  33|0x0000000084500000, 0x0000000084500000, 0x0000000084600000|  0%| F|  |TAMS 0x0000000084500000| PB 0x0000000084500000| Untracked |  0
|  34|0x0000000084600000, 0x0000000084600000, 0x0000000084700000|  0%| F|  |TAMS 0x0000000084600000| PB 0x0000000084600000| Untracked |  0
|  35|0x0000000084700000, 0x0000000084700000, 0x0000000084800000|  0%| F|  |TAMS 0x0000000084700000| PB 0x0000000084700000| Untracked |  0
|  36|0x0000000084800000, 0x0000000084800000, 0x0000000084900000|  0%| F|  |TAMS 0x0000000084800000| PB 0x0000000084800000| Untracked |  0
|  37|0x0000000084900000, 0x0000000084900000, 0x0000000084a00000|  0%| F|  |TAMS 0x0000000084900000| PB 0x0000000084900000| Untracked |  0
|  38|0x0000000084a00000, 0x0000000084a00000, 0x0000000084b00000|  0%| F|  |TAMS 0x0000000084a00000| PB 0x0000000084a00000| Untracked |  0
|  39|0x0000000084b00000, 0x0000000084b00000, 0x0000000084c00000|  0%| F|  |TAMS 0x0000000084b00000| PB 0x0000000084b00000| Untracked |  0
|  40|0x0000000084c00000, 0x0000000084c00000, 0x0000000084d00000|  0%| F|  |TAMS 0x0000000084c00000| PB 0x0000000084c00000| Untracked |  0
|  41|0x0000000084d00000, 0x0000000084d00000, 0x0000000084e00000|  0%| F|  |TAMS 0x0000000084d00000| PB 0x0000000084d00000| Untracked |  0
|  42|0x0000000084e00000, 0x0000000084e00000, 0x0000000084f00000|  0%| F|  |TAMS 0x0000000084e00000| PB 0x0000000084e00000| Untracked |  0
|  43|0x0000000084f00000, 0x0000000084f00000, 0x0000000085000000|  0%| F|  |TAMS 0x0000000084f00000| PB 0x0000000084f00000| Untracked |  0
|  44|0x0000000085000000, 0x0000000085000000, 0x0000000085100000|  0%| F|  |TAMS 0x0000000085000000| PB 0x0000000085000000| Untracked |  0
|  45|0x0000000085100000, 0x0000000085100000, 0x0000000085200000|  0%| F|  |TAMS 0x0000000085100000| PB 0x0000000085100000| Untracked |  0
|  46|0x0000000085200000, 0x0000000085200000, 0x0000000085300000|  0%| F|  |TAMS 0x0000000085200000| PB 0x0000000085200000| Untracked |  0
|  47|0x0000000085300000, 0x0000000085300000, 0x0000000085400000|  0%| F|  |TAMS 0x0000000085300000| PB 0x0000000085300000| Untracked |  0
|  48|0x0000000085400000, 0x0000000085400000, 0x0000000085500000|  0%| F|  |TAMS 0x0000000085400000| PB 0x0000000085400000| Untracked |  0
|  49|0x0000000085500000, 0x0000000085500000, 0x0000000085600000|  0%| F|  |TAMS 0x0000000085500000| PB 0x0000000085500000| Untracked |  0
|  50|0x0000000085600000, 0x0000000085600000, 0x0000000085700000|  0%| F|  |TAMS 0x0000000085600000| PB 0x0000000085600000| Untracked |  0
|  51|0x0000000085700000, 0x0000000085700000, 0x0000000085800000|  0%| F|  |TAMS 0x0000000085700000| PB 0x0000000085700000| Untracked |  0
|  52|0x0000000085800000, 0x0000000085800000, 0x0000000085900000|  0%| F|  |TAMS 0x0000000085800000| PB 0x0000000085800000| Untracked |  0
|  53|0x0000000085900000, 0x0000000085900000, 0x0000000085a00000|  0%| F|  |TAMS 0x0000000085900000| PB 0x0000000085900000| Untracked |  0
|  54|0x0000000085a00000, 0x0000000085a00000, 0x0000000085b00000|  0%| F|  |TAMS 0x0000000085a00000| PB 0x0000000085a00000| Untracked |  0
|  55|0x0000000085b00000, 0x0000000085b00000, 0x0000000085c00000|  0%| F|  |TAMS 0x0000000085b00000| PB 0x0000000085b00000| Untracked |  0
|  56|0x0000000085c00000, 0x0000000085c00000, 0x0000000085d00000|  0%| F|  |TAMS 0x0000000085c00000| PB 0x0000000085c00000| Untracked |  0
|  57|0x0000000085d00000, 0x0000000085d00000, 0x0000000085e00000|  0%| F|  |TAMS 0x0000000085d00000| PB 0x0000000085d00000| Untracked |  0
|  58|0x0000000085e00000, 0x0000000085e00000, 0x0000000085f00000|  0%| F|  |TAMS 0x0000000085e00000| PB 0x0000000085e00000| Untracked |  0
|  59|0x0000000085f00000, 0x0000000085f00000, 0x0000000086000000|  0%| F|  |TAMS 0x0000000085f00000| PB 0x0000000085f00000| Untracked |  0
|  60|0x0000000086000000, 0x0000000086000000, 0x0000000086100000|  0%| F|  |TAMS 0x0000000086000000| PB 0x0000000086000000| Untracked |  0
|  61|0x0000000086100000, 0x0000000086100000, 0x0000000086200000|  0%| F|  |TAMS 0x0000000086100000| PB 0x0000000086100000| Untracked |  0
|  62|0x0000000086200000, 0x0000000086200000, 0x0000000086300000|  0%| F|  |TAMS 0x0000000086200000| PB 0x0000000086200000| Untracked |  0
|  63|0x0000000086300000, 0x0000000086300000, 0x0000000086400000|  0%| F|  |TAMS 0x0000000086300000| PB 0x0000000086300000| Untracked |  0
|  64|0x0000000086400000, 0x0000000086400000, 0x0000000086500000|  0%| F|  |TAMS 0x0000000086400000| PB 0x0000000086400000| Untracked |  0
|  65|0x0000000086500000, 0x0000000086500000, 0x0000000086600000|  0%| F|  |TAMS 0x0000000086500000| PB 0x0000000086500000| Untracked |  0
|  66|0x0000000086600000, 0x0000000086600000, 0x0000000086700000|  0%| F|  |TAMS 0x0000000086600000| PB 0x0000000086600000| Untracked |  0
|  67|0x0000000086700000, 0x0000000086700000, 0x0000000086800000|  0%| F|  |TAMS 0x0000000086700000| PB 0x0000000086700000| Untracked |  0
|  68|0x0000000086800000, 0x0000000086800000, 0x0000000086900000|  0%| F|  |TAMS 0x0000000086800000| PB 0x0000000086800000| Untracked |  0
|  69|0x0000000086900000, 0x0000000086900000, 0x0000000086a00000|  0%| F|  |TAMS 0x0000000086900000| PB 0x0000000086900000| Untracked |  0
|  70|0x0000000086a00000, 0x0000000086a00000, 0x0000000086b00000|  0%| F|  |TAMS 0x0000000086a00000| PB 0x0000000086a00000| Untracked |  0
|  71|0x0000000086b00000, 0x0000000086b00000, 0x0000000086c00000|  0%| F|  |TAMS 0x0000000086b00000| PB 0x0000000086b00000| Untracked |  0
|  72|0x0000000086c00000, 0x0000000086c00000, 0x0000000086d00000|  0%| F|  |TAMS 0x0000000086c00000| PB 0x0000000086c00000| Untracked |  0
|  73|0x0000000086d00000, 0x0000000086d00000, 0x0000000086e00000|  0%| F|  |TAMS 0x0000000086d00000| PB 0x0000000086d00000| Untracked |  0
|  74|0x0000000086e00000, 0x0000000086e00000, 0x0000000086f00000|  0%| F|  |TAMS 0x0000000086e00000| PB 0x0000000086e00000| Untracked |  0
|  75|0x0000000086f00000, 0x0000000086f00000, 0x0000000087000000|  0%| F|  |TAMS 0x0000000086f00000| PB 0x0000000086f00000| Untracked |  0
|  76|0x0000000087000000, 0x0000000087000000, 0x0000000087100000|  0%| F|  |TAMS 0x0000000087000000| PB 0x0000000087000000| Untracked |  0
|  77|0x0000000087100000, 0x0000000087100000, 0x0000000087200000|  0%| F|  |TAMS 0x0000000087100000| PB 0x0000000087100000| Untracked |  0
|  78|0x0000000087200000, 0x0000000087200000, 0x0000000087300000|  0%| F|  |TAMS 0x0000000087200000| PB 0x0000000087200000| Untracked |  0
|  79|0x0000000087300000, 0x0000000087300000, 0x0000000087400000|  0%| F|  |TAMS 0x0000000087300000| PB 0x0000000087300000| Untracked |  0
|  80|0x0000000087400000, 0x0000000087400000, 0x0000000087500000|  0%| F|  |TAMS 0x0000000087400000| PB 0x0000000087400000| Untracked |  0
|  81|0x0000000087500000, 0x0000000087500000, 0x0000000087600000|  0%| F|  |TAMS 0x0000000087500000| PB 0x0000000087500000| Untracked |  0
|  82|0x0000000087600000, 0x0000000087600000, 0x0000000087700000|  0%| F|  |TAMS 0x0000000087600000| PB 0x0000000087600000| Untracked |  0
|  83|0x0000000087700000, 0x0000000087700000, 0x0000000087800000|  0%| F|  |TAMS 0x0000000087700000| PB 0x0000000087700000| Untracked |  0
|  84|0x0000000087800000, 0x0000000087800000, 0x0000000087900000|  0%| F|  |TAMS 0x0000000087800000| PB 0x0000000087800000| Untracked |  0
|  85|0x0000000087900000, 0x0000000087900000, 0x0000000087a00000|  0%| F|  |TAMS 0x0000000087900000| PB 0x0000000087900000| Untracked |  0
|  86|0x0000000087a00000, 0x0000000087a00000, 0x0000000087b00000|  0%| F|  |TAMS 0x0000000087a00000| PB 0x0000000087a00000| Untracked |  0
|  87|0x0000000087b00000, 0x0000000087b00000, 0x0000000087c00000|  0%| F|  |TAMS 0x0000000087b00000| PB 0x0000000087b00000| Untracked |  0
|  88|0x0000000087c00000, 0x0000000087c61120, 0x0000000087d00000| 37%| S|CS|TAMS 0x0000000087c00000| PB 0x0000000087c00000| Complete |  0
|  89|0x0000000087d00000, 0x0000000087e00000, 0x0000000087e00000|100%| S|CS|TAMS 0x0000000087d00000| PB 0x0000000087d00000| Complete |  0
|  90|0x0000000087e00000, 0x0000000087f00000, 0x0000000087f00000|100%| S|CS|TAMS 0x0000000087e00000| PB 0x0000000087e00000| Complete |  0
|  91|0x0000000087f00000, 0x0000000087f00000, 0x0000000088000000|  0%| F|  |TAMS 0x0000000087f00000| PB 0x0000000087f00000| Untracked |  0
|  92|0x0000000088000000, 0x0000000088000000, 0x0000000088100000|  0%| F|  |TAMS 0x0000000088000000| PB 0x0000000088000000| Untracked |  0
|  93|0x0000000088100000, 0x0000000088100000, 0x0000000088200000|  0%| F|  |TAMS 0x0000000088100000| PB 0x0000000088100000| Untracked |  0
|  94|0x0000000088200000, 0x0000000088200000, 0x0000000088300000|  0%| F|  |TAMS 0x0000000088200000| PB 0x0000000088200000| Untracked |  0
|  95|0x0000000088300000, 0x0000000088300000, 0x0000000088400000|  0%| F|  |TAMS 0x0000000088300000| PB 0x0000000088300000| Untracked |  0
|  96|0x0000000088400000, 0x0000000088400000, 0x0000000088500000|  0%| F|  |TAMS 0x0000000088400000| PB 0x0000000088400000| Untracked |  0
|  97|0x0000000088500000, 0x0000000088500000, 0x0000000088600000|  0%| F|  |TAMS 0x0000000088500000| PB 0x0000000088500000| Untracked |  0
|  98|0x0000000088600000, 0x0000000088600000, 0x0000000088700000|  0%| F|  |TAMS 0x0000000088600000| PB 0x0000000088600000| Untracked |  0
|  99|0x0000000088700000, 0x0000000088700000, 0x0000000088800000|  0%| F|  |TAMS 0x0000000088700000| PB 0x0000000088700000| Untracked |  0
| 100|0x0000000088800000, 0x0000000088800000, 0x0000000088900000|  0%| F|  |TAMS 0x0000000088800000| PB 0x0000000088800000| Untracked |  0
| 101|0x0000000088900000, 0x0000000088900000, 0x0000000088a00000|  0%| F|  |TAMS 0x0000000088900000| PB 0x0000000088900000| Untracked |  0
| 102|0x0000000088a00000, 0x0000000088a00000, 0x0000000088b00000|  0%| F|  |TAMS 0x0000000088a00000| PB 0x0000000088a00000| Untracked |  0
| 103|0x0000000088b00000, 0x0000000088b00000, 0x0000000088c00000|  0%| F|  |TAMS 0x0000000088b00000| PB 0x0000000088b00000| Untracked |  0
| 104|0x0000000088c00000, 0x0000000088c00000, 0x0000000088d00000|  0%| F|  |TAMS 0x0000000088c00000| PB 0x0000000088c00000| Untracked |  0
| 105|0x0000000088d00000, 0x0000000088d00000, 0x0000000088e00000|  0%| F|  |TAMS 0x0000000088d00000| PB 0x0000000088d00000| Untracked |  0
| 106|0x0000000088e00000, 0x0000000088e58bc0, 0x0000000088f00000| 34%| E|  |TAMS 0x0000000088e00000| PB 0x0000000088e00000| Complete |  0
| 107|0x0000000088f00000, 0x0000000089000000, 0x0000000089000000|100%| E|CS|TAMS 0x0000000088f00000| PB 0x0000000088f00000| Complete |  0
| 108|0x0000000089000000, 0x0000000089100000, 0x0000000089100000|100%| E|CS|TAMS 0x0000000089000000| PB 0x0000000089000000| Complete |  0
| 109|0x0000000089100000, 0x0000000089200000, 0x0000000089200000|100%| E|CS|TAMS 0x0000000089100000| PB 0x0000000089100000| Complete |  0
| 110|0x0000000089200000, 0x0000000089300000, 0x0000000089300000|100%| E|CS|TAMS 0x0000000089200000| PB 0x0000000089200000| Complete |  0
| 111|0x0000000089300000, 0x0000000089400000, 0x0000000089400000|100%| E|CS|TAMS 0x0000000089300000| PB 0x0000000089300000| Complete |  0
| 112|0x0000000089400000, 0x0000000089500000, 0x0000000089500000|100%| E|CS|TAMS 0x0000000089400000| PB 0x0000000089400000| Complete |  0
| 113|0x0000000089500000, 0x0000000089600000, 0x0000000089600000|100%| E|CS|TAMS 0x0000000089500000| PB 0x0000000089500000| Complete |  0
| 114|0x0000000089600000, 0x0000000089700000, 0x0000000089700000|100%| E|CS|TAMS 0x0000000089600000| PB 0x0000000089600000| Complete |  0
| 115|0x0000000089700000, 0x0000000089800000, 0x0000000089800000|100%| E|CS|TAMS 0x0000000089700000| PB 0x0000000089700000| Complete |  0
| 116|0x0000000089800000, 0x0000000089900000, 0x0000000089900000|100%| E|CS|TAMS 0x0000000089800000| PB 0x0000000089800000| Complete |  0
| 117|0x0000000089900000, 0x0000000089a00000, 0x0000000089a00000|100%| E|CS|TAMS 0x0000000089900000| PB 0x0000000089900000| Complete |  0
| 118|0x0000000089a00000, 0x0000000089b00000, 0x0000000089b00000|100%| E|CS|TAMS 0x0000000089a00000| PB 0x0000000089a00000| Complete |  0
| 119|0x0000000089b00000, 0x0000000089c00000, 0x0000000089c00000|100%| E|CS|TAMS 0x0000000089b00000| PB 0x0000000089b00000| Complete |  0
| 120|0x0000000089c00000, 0x0000000089d00000, 0x0000000089d00000|100%| E|CS|TAMS 0x0000000089c00000| PB 0x0000000089c00000| Complete |  0
| 121|0x0000000089d00000, 0x0000000089e00000, 0x0000000089e00000|100%| E|CS|TAMS 0x0000000089d00000| PB 0x0000000089d00000| Complete |  0
| 122|0x0000000089e00000, 0x0000000089f00000, 0x0000000089f00000|100%| E|CS|TAMS 0x0000000089e00000| PB 0x0000000089e00000| Complete |  0
| 123|0x0000000089f00000, 0x000000008a000000, 0x000000008a000000|100%| E|CS|TAMS 0x0000000089f00000| PB 0x0000000089f00000| Complete |  0
| 124|0x000000008a000000, 0x000000008a100000, 0x000000008a100000|100%| E|CS|TAMS 0x000000008a000000| PB 0x000000008a000000| Complete |  0
| 125|0x000000008a100000, 0x000000008a200000, 0x000000008a200000|100%| E|CS|TAMS 0x000000008a100000| PB 0x000000008a100000| Complete |  0

Card table byte_map: [0x0000024f17670000,0x0000024f17a60000] _byte_map_base: 0x0000024f1725e000

Marking Bits: (CMBitMap*) 0x0000024f7fb64a70
 Bits: [0x0000024f17a60000, 0x0000024f199d0000)

Polling page: 0x0000024f7f2d0000

Metaspace:

Usage:
  Non-class:     13.33 MB used.
      Class:      2.57 MB used.
       Both:     15.90 MB used.

Virtual space:
  Non-class space:       64.00 MB reserved,      13.50 MB ( 21%) committed,  1 nodes.
      Class space:        1.00 GB reserved,       2.69 MB ( <1%) committed,  1 nodes.
             Both:        1.06 GB reserved,      16.19 MB (  1%) committed. 

Chunk freelists:
   Non-Class:  2.14 MB
       Class:  13.33 MB
        Both:  15.46 MB

MaxMetaspaceSize: unlimited
CompressedClassSpaceSize: 1.00 GB
Initial GC threshold: 21.00 MB
Current GC threshold: 21.00 MB
CDS: on
 - commit_granule_bytes: 65536.
 - commit_granule_words: 8192.
 - virtual_space_node_default_size: 8388608.
 - enlarge_chunks_in_place: 1.
 - use_allocation_guard: 0.


Internal statistics:

num_allocs_failed_limit: 0.
num_arena_births: 322.
num_arena_deaths: 0.
num_vsnodes_births: 2.
num_vsnodes_deaths: 0.
num_space_committed: 259.
num_space_uncommitted: 0.
num_chunks_returned_to_freelist: 0.
num_chunks_taken_from_freelist: 826.
num_chunk_merges: 0.
num_chunk_splits: 564.
num_chunks_enlarged: 407.
num_inconsistent_stats: 0.

CodeHeap 'non-profiled nmethods': size=120000Kb used=870Kb max_used=870Kb free=119129Kb
 bounds [0x0000024f0fd50000, 0x0000024f0ffc0000, 0x0000024f17280000]
CodeHeap 'profiled nmethods': size=120000Kb used=3803Kb max_used=3803Kb free=116196Kb
 bounds [0x0000024f08280000, 0x0000024f08640000, 0x0000024f0f7b0000]
CodeHeap 'non-nmethods': size=5760Kb used=1777Kb max_used=1777Kb free=3982Kb
 bounds [0x0000024f0f7b0000, 0x0000024f0fa20000, 0x0000024f0fd50000]
 total_blobs=2938 nmethods=2143 adapters=699
 compilation: enabled
              stopped_count=0, restarted_count=0
 full_count=0

Compilation events (20 events):
Event: 3.607 Thread 0x0000024f1c445ee0 2134       1       com.sun.javafx.geom.PickRay::getDirectionNoClone (5 bytes)
Event: 3.608 Thread 0x0000024f1c445ee0 nmethod 2134 0x0000024f0fe28310 code [0x0000024f0fe284a0, 0x0000024f0fe28568]
Event: 3.608 Thread 0x0000024f1c445ee0 2135       1       com.sun.javafx.geom.PickRay::getOriginNoClone (5 bytes)
Event: 3.608 Thread 0x0000024f1c445ee0 nmethod 2135 0x0000024f0fe28610 code [0x0000024f0fe287a0, 0x0000024f0fe28868]
Event: 3.612 Thread 0x0000024f1c445ee0 2136       1       com.sun.javafx.geom.RectBounds::getMinZ (2 bytes)
Event: 3.612 Thread 0x0000024f1c445ee0 nmethod 2136 0x0000024f0fe28910 code [0x0000024f0fe28aa0, 0x0000024f0fe28b68]
Event: 3.620 Thread 0x0000024f1c445ee0 2137       1       com.sun.javafx.geom.RectBounds::getMaxZ (2 bytes)
Event: 3.620 Thread 0x0000024f1c445ee0 nmethod 2137 0x0000024f0fe28c10 code [0x0000024f0fe28da0, 0x0000024f0fe28e68]
Event: 3.644 Thread 0x0000024f1c445ee0 2138       3       javafx.scene.input.MouseEvent::getEventType (5 bytes)
Event: 3.645 Thread 0x0000024f1c445ee0 nmethod 2138 0x0000024f08636490 code [0x0000024f08636620, 0x0000024f086367a0]
Event: 3.645 Thread 0x0000024f1c445ee0 2139       3       javafx.scene.input.InputEvent::getEventType (5 bytes)
Event: 3.645 Thread 0x0000024f1c445ee0 nmethod 2139 0x0000024f08636890 code [0x0000024f08636a20, 0x0000024f08636b40]
Event: 3.645 Thread 0x0000024f1c445ee0 2140       1       javafx.geometry.Point3D::getX (5 bytes)
Event: 3.645 Thread 0x0000024f1c445ee0 nmethod 2140 0x0000024f0fe28f10 code [0x0000024f0fe290a0, 0x0000024f0fe29168]
Event: 3.645 Thread 0x0000024f1c445ee0 2141       1       javafx.geometry.Point3D::getY (5 bytes)
Event: 3.645 Thread 0x0000024f1c445ee0 nmethod 2141 0x0000024f0fe29210 code [0x0000024f0fe293a0, 0x0000024f0fe29468]
Event: 3.645 Thread 0x0000024f1c445ee0 2142       1       javafx.geometry.Point3D::getZ (5 bytes)
Event: 3.646 Thread 0x0000024f1c445ee0 nmethod 2142 0x0000024f0fe29510 code [0x0000024f0fe296a0, 0x0000024f0fe29768]
Event: 3.646 Thread 0x0000024f1c445ee0 2143       1       com.sun.javafx.event.BasicEventDispatcher::getNextDispatcher (5 bytes)
Event: 3.646 Thread 0x0000024f1c445ee0 nmethod 2143 0x0000024f0fe29810 code [0x0000024f0fe299a0, 0x0000024f0fe29a68]

GC Heap History (4 events):
Event: 1.564 GC heap before
{Heap before GC invocations=0 (full 0):
 garbage-first heap   total reserved 2060288K, committed 129024K, used 23552K [0x0000000082400000, 0x0000000100000000)
  region size 1024K, 24 young (24576K), 0 survivors (0K)
 Metaspace       used 5152K, committed 5376K, reserved 1114112K
  class space    used 537K, committed 640K, reserved 1048576K
}
Event: 1.571 GC heap after
{Heap after GC invocations=1 (full 0):
 garbage-first heap   total reserved 2060288K, committed 129024K, used 3811K [0x0000000082400000, 0x0000000100000000)
  region size 1024K, 3 young (3072K), 3 survivors (3072K)
 Metaspace       used 5152K, committed 5376K, reserved 1114112K
  class space    used 537K, committed 640K, reserved 1048576K
}
Event: 2.668 GC heap before
{Heap before GC invocations=1 (full 0):
 garbage-first heap   total reserved 2060288K, committed 129024K, used 35555K [0x0000000082400000, 0x0000000100000000)
  region size 1024K, 35 young (35840K), 3 survivors (3072K)
 Metaspace       used 11469K, committed 11712K, reserved 1114112K
  class space    used 1761K, committed 1856K, reserved 1048576K
}
Event: 2.677 GC heap after
{Heap after GC invocations=2 (full 0):
 garbage-first heap   total reserved 2060288K, committed 129024K, used 6302K [0x0000000082400000, 0x0000000100000000)
  region size 1024K, 3 young (3072K), 3 survivors (3072K)
 Metaspace       used 11469K, committed 11712K, reserved 1114112K
  class space    used 1761K, committed 1856K, reserved 1048576K
}

Dll operation events (20 events):
Event: 0.966 Loaded shared library C:\Users\ASUS\.openjfx\cache\22-ea+11\amd64\api-ms-win-crt-locale-l1-1-0.dll
Event: 0.974 Loaded shared library C:\Users\ASUS\.openjfx\cache\22-ea+11\amd64\api-ms-win-crt-math-l1-1-0.dll
Event: 0.980 Loaded shared library C:\Users\ASUS\.openjfx\cache\22-ea+11\amd64\api-ms-win-crt-multibyte-l1-1-0.dll
Event: 0.987 Loaded shared library C:\Users\ASUS\.openjfx\cache\22-ea+11\amd64\api-ms-win-crt-private-l1-1-0.dll
Event: 0.998 Loaded shared library C:\Users\ASUS\.openjfx\cache\22-ea+11\amd64\api-ms-win-crt-process-l1-1-0.dll
Event: 1.005 Loaded shared library C:\Users\ASUS\.openjfx\cache\22-ea+11\amd64\api-ms-win-crt-runtime-l1-1-0.dll
Event: 1.013 Loaded shared library C:\Users\ASUS\.openjfx\cache\22-ea+11\amd64\api-ms-win-crt-stdio-l1-1-0.dll
Event: 1.019 Loaded shared library C:\Users\ASUS\.openjfx\cache\22-ea+11\amd64\api-ms-win-crt-string-l1-1-0.dll
Event: 1.026 Loaded shared library C:\Users\ASUS\.openjfx\cache\22-ea+11\amd64\api-ms-win-crt-time-l1-1-0.dll
Event: 1.032 Loaded shared library C:\Users\ASUS\.openjfx\cache\22-ea+11\amd64\api-ms-win-crt-utility-l1-1-0.dll
Event: 1.065 Loaded shared library C:\Users\ASUS\.openjfx\cache\22-ea+11\amd64\ucrtbase.dll
Event: 1.074 Loaded shared library C:\Users\ASUS\.openjfx\cache\22-ea+11\amd64\vcruntime140.dll
Event: 1.082 Loaded shared library C:\Users\ASUS\.openjfx\cache\22-ea+11\amd64\vcruntime140_1.dll
Event: 1.097 Loaded shared library C:\Program Files\Java\jdk-22\bin\jimage.dll
Event: 1.099 Loaded shared library C:\Users\ASUS\.openjfx\cache\22-ea+11\amd64\msvcp140.dll
Event: 1.106 Loaded shared library C:\Users\ASUS\.openjfx\cache\22-ea+11\amd64\msvcp140_1.dll
Event: 1.118 Loaded shared library C:\Users\ASUS\.openjfx\cache\22-ea+11\amd64\msvcp140_2.dll
Event: 1.222 Loaded shared library C:\Users\ASUS\.openjfx\cache\22-ea+11\amd64\prism_d3d.dll
Event: 1.381 Loaded shared library C:\Users\ASUS\.openjfx\cache\22-ea+11\amd64\glass.dll
Event: 1.811 Loaded shared library C:\Users\ASUS\.openjfx\cache\22-ea+11\amd64\javafx_font.dll

Deoptimization events (20 events):
Event: 3.238 Thread 0x0000024f1c415dd0 Uncommon trap: trap_request=0xffffff45 fr.pc=0x0000024f0fd9e3b4 relative=0x0000000000000214
Event: 3.238 Thread 0x0000024f1c415dd0 Uncommon trap: reason=unstable_if action=reinterpret pc=0x0000024f0fd9e3b4 method=java.lang.StringUTF16.compress([CI[BII)I @ 20 c2
Event: 3.238 Thread 0x0000024f1c415dd0 DEOPT PACKING pc=0x0000024f0fd9e3b4 sp=0x00000060fb7fcfa0
Event: 3.238 Thread 0x0000024f1c415dd0 DEOPT UNPACKING pc=0x0000024f0f8046a2 sp=0x00000060fb7fcf10 mode 2
Event: 3.291 Thread 0x0000024f1c415dd0 Uncommon trap: trap_request=0xffffffc6 fr.pc=0x0000024f0fdb7de8 relative=0x0000000000000388
Event: 3.291 Thread 0x0000024f1c415dd0 Uncommon trap: reason=bimorphic_or_optimized_type_check action=maybe_recompile pc=0x0000024f0fdb7de8 method=java.util.concurrent.ConcurrentHashMap.get(Ljava/lang/Object;)Ljava/lang/Object; @ 149 c2
Event: 3.291 Thread 0x0000024f1c415dd0 DEOPT PACKING pc=0x0000024f0fdb7de8 sp=0x00000060fb7fd610
Event: 3.291 Thread 0x0000024f1c415dd0 DEOPT UNPACKING pc=0x0000024f0f8046a2 sp=0x00000060fb7fd590 mode 2
Event: 3.292 Thread 0x0000024f1c415dd0 Uncommon trap: trap_request=0xffffffc6 fr.pc=0x0000024f0fdb7de8 relative=0x0000000000000388
Event: 3.292 Thread 0x0000024f1c415dd0 Uncommon trap: reason=bimorphic_or_optimized_type_check action=maybe_recompile pc=0x0000024f0fdb7de8 method=java.util.concurrent.ConcurrentHashMap.get(Ljava/lang/Object;)Ljava/lang/Object; @ 149 c2
Event: 3.292 Thread 0x0000024f1c415dd0 DEOPT PACKING pc=0x0000024f0fdb7de8 sp=0x00000060fb7fd6e0
Event: 3.292 Thread 0x0000024f1c415dd0 DEOPT UNPACKING pc=0x0000024f0f8046a2 sp=0x00000060fb7fd660 mode 2
Event: 3.293 Thread 0x0000024f1c415dd0 Uncommon trap: trap_request=0xffffffc6 fr.pc=0x0000024f0fdb7de8 relative=0x0000000000000388
Event: 3.293 Thread 0x0000024f1c415dd0 Uncommon trap: reason=bimorphic_or_optimized_type_check action=maybe_recompile pc=0x0000024f0fdb7de8 method=java.util.concurrent.ConcurrentHashMap.get(Ljava/lang/Object;)Ljava/lang/Object; @ 149 c2
Event: 3.293 Thread 0x0000024f1c415dd0 DEOPT PACKING pc=0x0000024f0fdb7de8 sp=0x00000060fb7fd610
Event: 3.293 Thread 0x0000024f1c415dd0 DEOPT UNPACKING pc=0x0000024f0f8046a2 sp=0x00000060fb7fd590 mode 2
Event: 3.482 Thread 0x0000024f1c415dd0 Uncommon trap: trap_request=0xffffff45 fr.pc=0x0000024f0fddc610 relative=0x0000000000000070
Event: 3.482 Thread 0x0000024f1c415dd0 Uncommon trap: reason=unstable_if action=reinterpret pc=0x0000024f0fddc610 method=java.util.Objects.equals(Ljava/lang/Object;Ljava/lang/Object;)Z @ 6 c2
Event: 3.482 Thread 0x0000024f1c415dd0 DEOPT PACKING pc=0x0000024f0fddc610 sp=0x00000060fb7fd2f0
Event: 3.482 Thread 0x0000024f1c415dd0 DEOPT UNPACKING pc=0x0000024f0f8046a2 sp=0x00000060fb7fd290 mode 2

Classes loaded (20 events):
Event: 3.066 Loading class sun/reflect/generics/reflectiveObjects/TypeVariableImpl
Event: 3.066 Loading class sun/reflect/generics/reflectiveObjects/LazyReflectiveObjectGenerator
Event: 3.066 Loading class sun/reflect/generics/reflectiveObjects/LazyReflectiveObjectGenerator done
Event: 3.066 Loading class sun/reflect/generics/reflectiveObjects/TypeVariableImpl done
Event: 3.149 Loading class java/io/CharArrayReader
Event: 3.149 Loading class java/io/CharArrayReader done
Event: 3.437 Loading class java/lang/FdLibm$Hypot
Event: 3.437 Loading class java/lang/FdLibm$Hypot done
Event: 3.437 Loading class java/lang/FdLibm
Event: 3.437 Loading class java/lang/FdLibm done
Event: 3.531 Loading class java/util/EnumMap$Values
Event: 3.531 Loading class java/util/EnumMap$Values done
Event: 3.531 Loading class java/util/EnumMap$ValueIterator
Event: 3.532 Loading class java/util/EnumMap$EnumMapIterator
Event: 3.532 Loading class java/util/EnumMap$EnumMapIterator done
Event: 3.532 Loading class java/util/EnumMap$ValueIterator done
Event: 3.581 Loading class java/lang/Throwable$WrappedPrintStream
Event: 3.581 Loading class java/lang/Throwable$PrintStreamOrWriter
Event: 3.581 Loading class java/lang/Throwable$PrintStreamOrWriter done
Event: 3.581 Loading class java/lang/Throwable$WrappedPrintStream done

Classes unloaded (0 events):
No events

Classes redefined (0 events):
No events

Internal exceptions (20 events):
Event: 2.438 Thread 0x0000024f1c415dd0 Exception <a 'java/lang/ClassNotFoundException'{0x0000000088424b18}: com/sun/javafx/scene/control/skin/resources/controls> (0x0000000088424b18) 
thrown [s\open\src\hotspot\share\prims\jni.cpp, line 539]
Event: 2.442 Thread 0x0000024f1c415dd0 Exception <a 'java/lang/ClassNotFoundException'{0x0000000088432d28}: com/sun/javafx/scene/control/skin/resources/controls_en> (0x0000000088432d28) 
thrown [s\open\src\hotspot\share\prims\jni.cpp, line 539]
Event: 2.442 Thread 0x0000024f1c415dd0 Exception <a 'java/lang/ClassNotFoundException'{0x0000000088433ce0}: com/sun/javafx/scene/control/skin/resources/controls_en_US> (0x0000000088433ce0) 
thrown [s\open\src\hotspot\share\prims\jni.cpp, line 539]
Event: 2.533 Thread 0x0000024f1c415dd0 Exception <a 'java/lang/NoSuchMethodError'{0x0000000088219068}: 'int java.lang.invoke.DirectMethodHandle$Holder.invokeSpecial(java.lang.Object, java.lang.Object, int)'> (0x0000000088219068) 
thrown [s\open\src\hotspot\share\interpreter\linkResolver.cpp, line 774]
Event: 2.616 Thread 0x0000024f1c415dd0 Exception <a 'java/lang/IncompatibleClassChangeError'{0x00000000880d9e78}: Found class java.lang.Object, but interface was expected> (0x00000000880d9e78) 
thrown [s\open\src\hotspot\share\interpreter\linkResolver.cpp, line 841]
Event: 2.734 Thread 0x0000024f1c415dd0 Exception <a 'java/lang/NoSuchMethodError'{0x000000008a025a78}: 'int java.lang.invoke.DirectMethodHandle$Holder.invokeSpecial(java.lang.Object, java.lang.Object, java.lang.Object, int)'> (0x000000008a025a78) 
thrown [s\open\src\hotspot\share\interpreter\linkResolver.cpp, line 774]
Event: 2.736 Thread 0x0000024f1c415dd0 Exception <a 'java/lang/NoSuchMethodError'{0x000000008a0381d8}: 'java.lang.Object java.lang.invoke.DirectMethodHandle$Holder.invokeStatic(java.lang.Object, java.lang.Object, java.lang.Object, java.lang.Object, int)'> (0x000000008a0381d8) 
thrown [s\open\src\hotspot\share\interpreter\linkResolver.cpp, line 774]
Event: 2.738 Thread 0x0000024f1c415dd0 Exception <a 'java/lang/NoSuchMethodError'{0x000000008a0407b0}: 'int java.lang.invoke.DirectMethodHandle$Holder.invokeSpecial(java.lang.Object, java.lang.Object, java.lang.Object)'> (0x000000008a0407b0) 
thrown [s\open\src\hotspot\share\interpreter\linkResolver.cpp, line 774]
Event: 2.797 Thread 0x0000024f1c415dd0 Exception <a 'java/lang/NoSuchMethodError'{0x0000000089f12d98}: 'java.lang.Object java.lang.invoke.DirectMethodHandle$Holder.newInvokeSpecial(java.lang.Object, java.lang.Object, int)'> (0x0000000089f12d98) 
thrown [s\open\src\hotspot\share\interpreter\linkResolver.cpp, line 774]
Event: 2.878 Thread 0x0000024f1c415dd0 Exception <a 'sun/nio/fs/WindowsException'{0x0000000089fd59e0}> (0x0000000089fd59e0) 
thrown [s\open\src\hotspot\share\prims\jni.cpp, line 520]
Event: 2.885 Thread 0x0000024f1c415dd0 Exception <a 'java/lang/NoSuchMethodError'{0x0000000089fdc010}: 'java.lang.Object java.lang.invoke.DirectMethodHandle$Holder.invokeInterface(java.lang.Object, java.lang.Object)'> (0x0000000089fdc010) 
thrown [s\open\src\hotspot\share\interpreter\linkResolver.cpp, line 774]
Event: 3.084 Thread 0x0000024f1c415dd0 Exception <a 'java/lang/NoSuchMethodError'{0x0000000089b544c0}: 'void java.lang.invoke.Invokers$Holder.invokeExact_MT(java.lang.Object, java.lang.Object, java.lang.Object, java.lang.Object)'> (0x0000000089b544c0) 
thrown [s\open\src\hotspot\share\interpreter\linkResolver.cpp, line 774]
Event: 3.132 Thread 0x0000024f1c415dd0 Exception <a 'java/lang/NoSuchMethodError'{0x0000000089a0fad8}: 'void java.lang.invoke.DirectMethodHandle$Holder.invokeSpecial(java.lang.Object, java.lang.Object, double)'> (0x0000000089a0fad8) 
thrown [s\open\src\hotspot\share\interpreter\linkResolver.cpp, line 774]
Event: 3.134 Thread 0x0000024f1c415dd0 Exception <a 'java/lang/NoSuchMethodError'{0x0000000089a1a220}: 'double java.lang.invoke.DelegatingMethodHandle$Holder.reinvoke_L(java.lang.Object, java.lang.Object, int)'> (0x0000000089a1a220) 
thrown [s\open\src\hotspot\share\interpreter\linkResolver.cpp, line 774]
Event: 3.135 Thread 0x0000024f1c415dd0 Exception <a 'java/lang/NoSuchMethodError'{0x0000000089a24088}: 'void java.lang.invoke.DelegatingMethodHandle$Holder.reinvoke_L(java.lang.Object, java.lang.Object, double)'> (0x0000000089a24088) 
thrown [s\open\src\hotspot\share\interpreter\linkResolver.cpp, line 774]
Event: 3.144 Thread 0x0000024f1c415dd0 Exception <a 'java/io/FileNotFoundException'{0x0000000089a41638}> (0x0000000089a41638) 
thrown [s\open\src\hotspot\share\prims\jni.cpp, line 520]
Event: 3.533 Thread 0x0000024f1c413d00 Exception <a 'java/lang/NoSuchMethodError'{0x00000000890a3468}: 'int java.lang.invoke.DirectMethodHandle$Holder.invokeStaticInit(java.lang.Object, java.lang.Object)'> (0x00000000890a3468) 
thrown [s\open\src\hotspot\share\interpreter\linkResolver.cpp, line 774]
Event: 3.581 Thread 0x0000024f1c413d00 Exception <a 'java/lang/NullPointerException'{0x0000000088ff0de8}> (0x0000000088ff0de8) 
thrown [s\open\src\hotspot\share\interpreter\linkResolver.cpp, line 1458]
Event: 3.586 Thread 0x0000024f1c413d00 Exception <a 'java/lang/NullPointerException'{0x0000000088ff5678}> (0x0000000088ff5678) 
thrown [s\open\src\hotspot\share\interpreter\linkResolver.cpp, line 1458]
Event: 3.593 Thread 0x0000024f1c413d00 Exception <a 'java/lang/NullPointerException'{0x0000000088e00c08}> (0x0000000088e00c08) 
thrown [s\open\src\hotspot\share\interpreter\linkResolver.cpp, line 1458]

ZGC Phase Switch (0 events):
No events

VM Operations (20 events):
Event: 1.564 Executing VM operation: G1CollectForAllocation (G1 Evacuation Pause)
Event: 1.571 Executing VM operation: G1CollectForAllocation (G1 Evacuation Pause) done
Event: 1.828 Executing VM operation: HandshakeAllThreads (Deoptimize)
Event: 1.828 Executing VM operation: HandshakeAllThreads (Deoptimize) done
Event: 2.369 Executing VM operation: HandshakeAllThreads (Deoptimize)
Event: 2.369 Executing VM operation: HandshakeAllThreads (Deoptimize) done
Event: 2.543 Executing VM operation: ICBufferFull
Event: 2.543 Executing VM operation: ICBufferFull done
Event: 2.668 Executing VM operation: G1CollectForAllocation (G1 Evacuation Pause)
Event: 2.677 Executing VM operation: G1CollectForAllocation (G1 Evacuation Pause) done
Event: 2.753 Executing VM operation: HandshakeAllThreads (Deoptimize)
Event: 2.753 Executing VM operation: HandshakeAllThreads (Deoptimize) done
Event: 2.884 Executing VM operation: HandshakeAllThreads (Deoptimize)
Event: 2.884 Executing VM operation: HandshakeAllThreads (Deoptimize) done
Event: 2.951 Executing VM operation: HandshakeAllThreads (Deoptimize)
Event: 2.951 Executing VM operation: HandshakeAllThreads (Deoptimize) done
Event: 3.354 Executing VM operation: ICBufferFull
Event: 3.354 Executing VM operation: ICBufferFull done
Event: 3.358 Executing VM operation: HandshakeAllThreads (Deoptimize)
Event: 3.358 Executing VM operation: HandshakeAllThreads (Deoptimize) done

Events (20 events):
Event: 0.077 Thread 0x0000024f1c413250 Thread added: 0x0000024f1c413250
Event: 0.077 Thread 0x0000024f1c416af0 Thread added: 0x0000024f1c416af0
Event: 0.077 Thread 0x0000024f1c414390 Thread added: 0x0000024f1c414390
Event: 0.077 Thread 0x0000024f1c416460 Thread added: 0x0000024f1c416460
Event: 0.078 Thread 0x0000024f1c442f40 Thread added: 0x0000024f1c442f40
Event: 0.078 Thread 0x0000024f1c445ee0 Thread added: 0x0000024f1c445ee0
Event: 0.143 Thread 0x0000024f1c414a20 Thread added: 0x0000024f1c414a20
Event: 0.247 Thread 0x0000024f1c75a450 Thread added: 0x0000024f1c75a450
Event: 0.476 Thread 0x0000024f1c4150b0 Thread added: 0x0000024f1c4150b0
Event: 0.476 Thread 0x0000024f1c417180 Thread added: 0x0000024f1c417180
Event: 1.202 Thread 0x0000024f1c413d00 Thread added: 0x0000024f1c413d00
Event: 1.331 Thread 0x0000024f1c75a450 Thread exited: 0x0000024f1c75a450
Event: 1.384 Thread 0x0000024f1c415740 Thread added: 0x0000024f1c415740
Event: 1.389 Thread 0x0000024f1c415dd0 Thread added: 0x0000024f1c415dd0
Event: 1.520 Thread 0x0000024f62b8dc90 Thread added: 0x0000024f62b8dc90
Event: 1.563 Thread 0x0000024f62b880b0 Thread added: 0x0000024f62b880b0
Event: 1.572 Thread 0x0000024f62968010 Thread added: 0x0000024f62968010
Event: 2.610 Thread 0x0000024f62b88740 Thread added: 0x0000024f62b88740
Event: 2.895 Thread 0x0000024f62968010 Thread exited: 0x0000024f62968010
Event: 3.478 Thread 0x0000024f62968010 Thread added: 0x0000024f62968010


Dynamic libraries:
0x00007ff69f850000 - 0x00007ff69f860000 	C:\Program Files\Java\jdk-22\bin\java.exe
0x00007ff8e6cb0000 - 0x00007ff8e6ec7000 	C:\WINDOWS\SYSTEM32\ntdll.dll
0x00007ff8e5f50000 - 0x00007ff8e6014000 	C:\WINDOWS\System32\KERNEL32.DLL
0x00007ff8e41c0000 - 0x00007ff8e456d000 	C:\WINDOWS\System32\KERNELBASE.dll
0x00007ff8e4570000 - 0x00007ff8e4681000 	C:\WINDOWS\System32\ucrtbase.dll
0x00007ff8b0810000 - 0x00007ff8b082b000 	C:\Program Files\Java\jdk-22\bin\VCRUNTIME140.dll
0x00007ff8b07f0000 - 0x00007ff8b0807000 	C:\Program Files\Java\jdk-22\bin\jli.dll
0x00007ff8e5020000 - 0x00007ff8e50d2000 	C:\WINDOWS\System32\ADVAPI32.dll
0x00007ff8e6310000 - 0x00007ff8e63b7000 	C:\WINDOWS\System32\msvcrt.dll
0x00007ff8e6970000 - 0x00007ff8e6a19000 	C:\WINDOWS\System32\sechost.dll
0x00007ff8e4690000 - 0x00007ff8e46b8000 	C:\WINDOWS\System32\bcrypt.dll
0x00007ff8e4c20000 - 0x00007ff8e4d34000 	C:\WINDOWS\System32\RPCRT4.dll
0x00007ff8e4e50000 - 0x00007ff8e4ffe000 	C:\WINDOWS\System32\USER32.dll
0x00007ff8e48d0000 - 0x00007ff8e48f6000 	C:\WINDOWS\System32\win32u.dll
0x00007ff8e63c0000 - 0x00007ff8e63e9000 	C:\WINDOWS\System32\GDI32.dll
0x00007ff8e3fe0000 - 0x00007ff8e40f9000 	C:\WINDOWS\System32\gdi32full.dll
0x00007ff8e46c0000 - 0x00007ff8e475a000 	C:\WINDOWS\System32\msvcp_win.dll
0x00007ff8c6df0000 - 0x00007ff8c7083000 	C:\WINDOWS\WinSxS\amd64_microsoft.windows.common-controls_6595b64144ccf1df_6.0.22621.3672_none_2713b9d173822955\COMCTL32.dll
0x00007ff8d9d90000 - 0x00007ff8d9d9a000 	C:\WINDOWS\SYSTEM32\VERSION.dll
0x00007ff8e6c30000 - 0x00007ff8e6c61000 	C:\WINDOWS\System32\IMM32.DLL
0x00007ff8cd2d0000 - 0x00007ff8cd2dc000 	C:\Program Files\Java\jdk-22\bin\vcruntime140_1.dll
0x00007ff88b490000 - 0x00007ff88b51e000 	C:\Program Files\Java\jdk-22\bin\msvcp140.dll
0x00007ff86ed80000 - 0x00007ff86fac7000 	C:\Program Files\Java\jdk-22\bin\server\jvm.dll
0x00007ff8e4ba0000 - 0x00007ff8e4c11000 	C:\WINDOWS\System32\WS2_32.dll
0x00007ff8e2e70000 - 0x00007ff8e2ebd000 	C:\WINDOWS\SYSTEM32\POWRPROF.dll
0x00007ff8db330000 - 0x00007ff8db364000 	C:\WINDOWS\SYSTEM32\WINMM.dll
0x00007ff8e2e50000 - 0x00007ff8e2e63000 	C:\WINDOWS\SYSTEM32\UMPDC.dll
0x00007ff8e3100000 - 0x00007ff8e3118000 	C:\WINDOWS\SYSTEM32\kernel.appcore.dll
0x00007ff8ccab0000 - 0x00007ff8ccaba000 	C:\Program Files\Java\jdk-22\bin\jimage.dll
0x00007ff8e1840000 - 0x00007ff8e1a72000 	C:\WINDOWS\SYSTEM32\DBGHELP.DLL
0x00007ff8e5150000 - 0x00007ff8e54d8000 	C:\WINDOWS\System32\combase.dll
0x00007ff8e4ab0000 - 0x00007ff8e4b87000 	C:\WINDOWS\System32\OLEAUT32.dll
0x00007ff8c5d10000 - 0x00007ff8c5d42000 	C:\WINDOWS\SYSTEM32\dbgcore.DLL
0x00007ff8e4970000 - 0x00007ff8e49eb000 	C:\WINDOWS\System32\bcryptPrimitives.dll
0x00007ff8dc200000 - 0x00007ff8dc20f000 	C:\Program Files\Java\jdk-22\bin\instrument.dll
0x00007ff8afbe0000 - 0x00007ff8afbfe000 	C:\Program Files\Java\jdk-22\bin\java.dll
0x00007ff8e5690000 - 0x00007ff8e5eef000 	C:\WINDOWS\System32\SHELL32.dll
0x00007ff8e54e0000 - 0x00007ff8e5685000 	C:\WINDOWS\System32\ole32.dll
0x00007ff8e1f40000 - 0x00007ff8e283c000 	C:\WINDOWS\SYSTEM32\windows.storage.dll
0x00007ff8e1e00000 - 0x00007ff8e1f3f000 	C:\WINDOWS\SYSTEM32\wintypes.dll
0x00007ff8e6020000 - 0x00007ff8e6114000 	C:\WINDOWS\System32\SHCORE.dll
0x00007ff8e6870000 - 0x00007ff8e68ce000 	C:\WINDOWS\System32\shlwapi.dll
0x00007ff8e3f10000 - 0x00007ff8e3f31000 	C:\WINDOWS\SYSTEM32\profapi.dll
0x00007ff88b240000 - 0x00007ff88b317000 	C:\Program Files\Java\jdk-22\bin\jsvml.dll
0x00007ff8cb720000 - 0x00007ff8cb730000 	C:\Program Files\Java\jdk-22\bin\net.dll
0x00007ff8e3570000 - 0x00007ff8e35d9000 	C:\WINDOWS\system32\mswsock.dll
0x00007ff8aecd0000 - 0x00007ff8aece6000 	C:\Program Files\Java\jdk-22\bin\nio.dll
0x00007ff8ab2f0000 - 0x00007ff8ab307000 	C:\Program Files\Java\jdk-22\bin\zip.dll
0x00007ff8ce5f0000 - 0x00007ff8ce60a000 	C:\Program Files\JetBrains\IntelliJ IDEA 2024.1.4\bin\breakgen64.dll
0x0000024f1c9a0000 - 0x0000024f1c9a3000 	C:\Users\ASUS\.openjfx\cache\22-ea+11\amd64\api-ms-win-core-console-l1-1-0.dll
0x0000024f1c9b0000 - 0x0000024f1c9b3000 	C:\Users\ASUS\.openjfx\cache\22-ea+11\amd64\api-ms-win-core-console-l1-2-0.dll
0x0000024f1c9c0000 - 0x0000024f1c9c3000 	C:\Users\ASUS\.openjfx\cache\22-ea+11\amd64\api-ms-win-core-datetime-l1-1-0.dll
0x0000024f1c9d0000 - 0x0000024f1c9d3000 	C:\Users\ASUS\.openjfx\cache\22-ea+11\amd64\api-ms-win-core-debug-l1-1-0.dll
0x0000024f1c9e0000 - 0x0000024f1c9e3000 	C:\Users\ASUS\.openjfx\cache\22-ea+11\amd64\api-ms-win-core-errorhandling-l1-1-0.dll
0x0000024f1c9f0000 - 0x0000024f1c9f4000 	C:\Users\ASUS\.openjfx\cache\22-ea+11\amd64\api-ms-win-core-file-l1-1-0.dll
0x0000024f1ca00000 - 0x0000024f1ca03000 	C:\Users\ASUS\.openjfx\cache\22-ea+11\amd64\api-ms-win-core-file-l1-2-0.dll
0x0000024f1ca10000 - 0x0000024f1ca13000 	C:\Users\ASUS\.openjfx\cache\22-ea+11\amd64\api-ms-win-core-file-l2-1-0.dll
0x0000024f1ca20000 - 0x0000024f1ca23000 	C:\Users\ASUS\.openjfx\cache\22-ea+11\amd64\api-ms-win-core-handle-l1-1-0.dll
0x0000024f1ca30000 - 0x0000024f1ca33000 	C:\Users\ASUS\.openjfx\cache\22-ea+11\amd64\api-ms-win-core-heap-l1-1-0.dll
0x0000024f1ca40000 - 0x0000024f1ca43000 	C:\Users\ASUS\.openjfx\cache\22-ea+11\amd64\api-ms-win-core-interlocked-l1-1-0.dll
0x0000024f1ca50000 - 0x0000024f1ca53000 	C:\Users\ASUS\.openjfx\cache\22-ea+11\amd64\api-ms-win-core-libraryloader-l1-1-0.dll
0x0000024f1ca60000 - 0x0000024f1ca63000 	C:\Users\ASUS\.openjfx\cache\22-ea+11\amd64\api-ms-win-core-localization-l1-2-0.dll
0x0000024f1ca70000 - 0x0000024f1ca73000 	C:\Users\ASUS\.openjfx\cache\22-ea+11\amd64\api-ms-win-core-memory-l1-1-0.dll
0x0000024f1ca80000 - 0x0000024f1ca83000 	C:\Users\ASUS\.openjfx\cache\22-ea+11\amd64\api-ms-win-core-namedpipe-l1-1-0.dll
0x0000024f1ca90000 - 0x0000024f1ca93000 	C:\Users\ASUS\.openjfx\cache\22-ea+11\amd64\api-ms-win-core-processenvironment-l1-1-0.dll
0x0000024f1caa0000 - 0x0000024f1caa3000 	C:\Users\ASUS\.openjfx\cache\22-ea+11\amd64\api-ms-win-core-processthreads-l1-1-0.dll
0x0000024f1cab0000 - 0x0000024f1cab3000 	C:\Users\ASUS\.openjfx\cache\22-ea+11\amd64\api-ms-win-core-processthreads-l1-1-1.dll
0x0000024f1cac0000 - 0x0000024f1cac3000 	C:\Users\ASUS\.openjfx\cache\22-ea+11\amd64\api-ms-win-core-profile-l1-1-0.dll
0x0000024f1cad0000 - 0x0000024f1cad3000 	C:\Users\ASUS\.openjfx\cache\22-ea+11\amd64\api-ms-win-core-rtlsupport-l1-1-0.dll
0x0000024f1cae0000 - 0x0000024f1cae3000 	C:\Users\ASUS\.openjfx\cache\22-ea+11\amd64\api-ms-win-core-string-l1-1-0.dll
0x0000024f1caf0000 - 0x0000024f1caf3000 	C:\Users\ASUS\.openjfx\cache\22-ea+11\amd64\api-ms-win-core-synch-l1-1-0.dll
0x0000024f1cb00000 - 0x0000024f1cb03000 	C:\Users\ASUS\.openjfx\cache\22-ea+11\amd64\api-ms-win-core-synch-l1-2-0.dll
0x0000024f1cb10000 - 0x0000024f1cb13000 	C:\Users\ASUS\.openjfx\cache\22-ea+11\amd64\api-ms-win-core-sysinfo-l1-1-0.dll
0x0000024f1cb20000 - 0x0000024f1cb23000 	C:\Users\ASUS\.openjfx\cache\22-ea+11\amd64\api-ms-win-core-timezone-l1-1-0.dll
0x0000024f1cb30000 - 0x0000024f1cb33000 	C:\Users\ASUS\.openjfx\cache\22-ea+11\amd64\api-ms-win-core-util-l1-1-0.dll
0x0000024f1cb40000 - 0x0000024f1cb43000 	C:\Users\ASUS\.openjfx\cache\22-ea+11\amd64\api-ms-win-crt-conio-l1-1-0.dll
0x0000024f1cb50000 - 0x0000024f1cb54000 	C:\Users\ASUS\.openjfx\cache\22-ea+11\amd64\api-ms-win-crt-convert-l1-1-0.dll
0x0000024f1cb60000 - 0x0000024f1cb63000 	C:\Users\ASUS\.openjfx\cache\22-ea+11\amd64\api-ms-win-crt-environment-l1-1-0.dll
0x0000024f1cb70000 - 0x0000024f1cb73000 	C:\Users\ASUS\.openjfx\cache\22-ea+11\amd64\api-ms-win-crt-filesystem-l1-1-0.dll
0x0000024f1cb80000 - 0x0000024f1cb83000 	C:\Users\ASUS\.openjfx\cache\22-ea+11\amd64\api-ms-win-crt-heap-l1-1-0.dll
0x0000024f1cb90000 - 0x0000024f1cb93000 	C:\Users\ASUS\.openjfx\cache\22-ea+11\amd64\api-ms-win-crt-locale-l1-1-0.dll
0x0000024f1cba0000 - 0x0000024f1cba5000 	C:\Users\ASUS\.openjfx\cache\22-ea+11\amd64\api-ms-win-crt-math-l1-1-0.dll
0x0000024f1cbb0000 - 0x0000024f1cbb5000 	C:\Users\ASUS\.openjfx\cache\22-ea+11\amd64\api-ms-win-crt-multibyte-l1-1-0.dll
0x0000024f1cbc0000 - 0x0000024f1cbd0000 	C:\Users\ASUS\.openjfx\cache\22-ea+11\amd64\api-ms-win-crt-private-l1-1-0.dll
0x0000024f1cbd0000 - 0x0000024f1cbd3000 	C:\Users\ASUS\.openjfx\cache\22-ea+11\amd64\api-ms-win-crt-process-l1-1-0.dll
0x0000024f1cbe0000 - 0x0000024f1cbe4000 	C:\Users\ASUS\.openjfx\cache\22-ea+11\amd64\api-ms-win-crt-runtime-l1-1-0.dll
0x0000024f1cbf0000 - 0x0000024f1cbf4000 	C:\Users\ASUS\.openjfx\cache\22-ea+11\amd64\api-ms-win-crt-stdio-l1-1-0.dll
0x0000024f1cc00000 - 0x0000024f1cc04000 	C:\Users\ASUS\.openjfx\cache\22-ea+11\amd64\api-ms-win-crt-string-l1-1-0.dll
0x0000024f1cc10000 - 0x0000024f1cc13000 	C:\Users\ASUS\.openjfx\cache\22-ea+11\amd64\api-ms-win-crt-time-l1-1-0.dll
0x0000024f1cc20000 - 0x0000024f1cc23000 	C:\Users\ASUS\.openjfx\cache\22-ea+11\amd64\api-ms-win-crt-utility-l1-1-0.dll
0x00007ff8b09b0000 - 0x00007ff8b0aac000 	C:\Users\ASUS\.openjfx\cache\22-ea+11\amd64\ucrtbase.dll
0x00007ff8ce540000 - 0x00007ff8ce55b000 	C:\Users\ASUS\.openjfx\cache\22-ea+11\amd64\vcruntime140.dll
0x00007ff8db530000 - 0x00007ff8db53c000 	C:\Users\ASUS\.openjfx\cache\22-ea+11\amd64\vcruntime140_1.dll
0x00007ff8b0c40000 - 0x00007ff8b0cce000 	C:\Users\ASUS\.openjfx\cache\22-ea+11\amd64\msvcp140.dll
0x00007ff8cf7c0000 - 0x00007ff8cf7c9000 	C:\Users\ASUS\.openjfx\cache\22-ea+11\amd64\msvcp140_1.dll
0x00007ff8ce510000 - 0x00007ff8ce53f000 	C:\Users\ASUS\.openjfx\cache\22-ea+11\amd64\msvcp140_2.dll
0x00007ff8cd2a0000 - 0x00007ff8cd2cf000 	C:\Users\ASUS\.openjfx\cache\22-ea+11\amd64\prism_d3d.dll
0x00007ff8cd730000 - 0x00007ff8cd8d8000 	C:\WINDOWS\system32\d3d9.dll
0x00007ff8de0a0000 - 0x00007ff8de0cb000 	C:\WINDOWS\SYSTEM32\dwmapi.dll
0x00007ff8e1250000 - 0x00007ff8e1289000 	C:\WINDOWS\SYSTEM32\dxcore.dll
0x00007ff8ddd40000 - 0x00007ff8dddef000 	C:\WINDOWS\system32\uxtheme.dll
0x00007ff8b0840000 - 0x00007ff8b09a3000 	C:\WINDOWS\System32\DriverStore\FileRepository\iigd_dch.inf_amd64_e9b40d45ab4dc6b8\igdumdim64.dll
0x00007ff839e80000 - 0x00007ff83d884000 	C:\WINDOWS\System32\DriverStore\FileRepository\iigd_dch.inf_amd64_e9b40d45ab4dc6b8\igd9dxva64.dll
0x00007ff8e63f0000 - 0x00007ff8e6864000 	C:\WINDOWS\System32\SETUPAPI.dll
0x00007ff8e3cc0000 - 0x00007ff8e3d0e000 	C:\WINDOWS\SYSTEM32\cfgmgr32.dll
0x00007ff8d2c90000 - 0x00007ff8d2ecf000 	C:\WINDOWS\System32\DriverStore\FileRepository\iigd_dch.inf_amd64_e9b40d45ab4dc6b8\igdgmm64.dll
0x00007ff8d78d0000 - 0x00007ff8d7919000 	C:\WINDOWS\SYSTEM32\directxdatabasehelper.dll
0x00007ff8cd140000 - 0x00007ff8cd182000 	C:\Users\ASUS\.openjfx\cache\22-ea+11\amd64\glass.dll
0x00007ff8e4d40000 - 0x00007ff8e4e38000 	C:\WINDOWS\System32\COMDLG32.dll
0x00007ff8e6120000 - 0x00007ff8e6273000 	C:\WINDOWS\System32\MSCTF.dll
0x00007ff8cc7f0000 - 0x00007ff8cc817000 	C:\WINDOWS\System32\DriverStore\FileRepository\iigd_dch.inf_amd64_e9b40d45ab4dc6b8\igdinfo64.dll
0x00007ff8d0020000 - 0x00007ff8d2c82000 	C:\WINDOWS\System32\DriverStore\FileRepository\iigd_dch.inf_amd64_e9b40d45ab4dc6b8\igc64.dll
0x00007ff8cd550000 - 0x00007ff8cd564000 	C:\Users\ASUS\.openjfx\cache\22-ea+11\amd64\javafx_font.dll
0x00007ff8d8550000 - 0x00007ff8d87c3000 	C:\WINDOWS\SYSTEM32\dwrite.dll
0x00007ff8e49f0000 - 0x00007ff8e4aa0000 	C:\WINDOWS\System32\clbcatq.dll
0x00007ff8ddb40000 - 0x00007ff8ddcf1000 	C:\WINDOWS\SYSTEM32\WindowsCodecs.dll
0x00007ff8c3860000 - 0x00007ff8c38be000 	C:\WINDOWS\system32\dataexchange.dll
0x00007ff8da0b0000 - 0x00007ff8da33a000 	C:\WINDOWS\system32\twinapi.appcore.dll
0x00007ff8c26f0000 - 0x00007ff8c2722000 	C:\Program Files\Common Files\Microsoft Shared\Ink\rtscom.dll
0x00007ff8bc2d0000 - 0x00007ff8bc41e000 	C:\WINDOWS\SYSTEM32\textinputframework.dll
0x00007ff8d9da0000 - 0x00007ff8d9ed3000 	C:\WINDOWS\SYSTEM32\CoreMessaging.dll
0x00007ff8d6f40000 - 0x00007ff8d72ad000 	C:\WINDOWS\SYSTEM32\CoreUIComponents.dll
0x00007ff8e37d0000 - 0x00007ff8e37dc000 	C:\WINDOWS\SYSTEM32\CRYPTBASE.DLL

dbghelp: loaded successfully - version: 4.0.5 - missing functions: none
symbol engine: initialized successfully - sym options: 0x614 - pdb path: .;C:\Program Files\Java\jdk-22\bin;C:\WINDOWS\SYSTEM32;C:\WINDOWS\WinSxS\amd64_microsoft.windows.common-controls_6595b64144ccf1df_6.0.22621.3672_none_2713b9d173822955;C:\Program Files\Java\jdk-22\bin\server;C:\Program Files\JetBrains\IntelliJ IDEA 2024.1.4\bin;C:\Users\ASUS\.openjfx\cache\22-ea+11\amd64;C:\WINDOWS\System32\DriverStore\FileRepository\iigd_dch.inf_amd64_e9b40d45ab4dc6b8;C:\Program Files\Common Files\Microsoft Shared\Ink

VM Arguments:
jvm_args: -javaagent:C:\Program Files\JetBrains\IntelliJ IDEA 2024.1.4\lib\idea_rt.jar=51388:C:\Program Files\JetBrains\IntelliJ IDEA 2024.1.4\bin -Dfile.encoding=UTF-8 -Dsun.stdout.encoding=UTF-8 -Dsun.stderr.encoding=UTF-8 --module-path=C:\Users\ASUS\.m2\repository\org\openjfx\javafx-graphics\22-ea+11\javafx-graphics-22-ea+11-win.jar;C:\Users\ASUS\.m2\repository\org\openjfx\javafx-base\22-ea+11\javafx-base-22-ea+11-win.jar;C:\Users\ASUS\.m2\repository\org\openjfx\javafx-fxml\22-ea+11\javafx-fxml-22-ea+11-win.jar;D:\manage\target\classes;C:\Users\ASUS\.m2\repository\org\openjfx\javafx-controls\22-ea+11\javafx-controls-22-ea+11-win.jar -Djdk.module.main=com.example.manage 
java_command: com.example.manage/com.example.manage.Controller.Main
java_class_path (initial): C:\Users\ASUS\.m2\repository\org\openjfx\javafx-controls\22-ea+11\javafx-controls-22-ea+11.jar;C:\Users\ASUS\.m2\repository\org\openjfx\javafx-graphics\22-ea+11\javafx-graphics-22-ea+11.jar;C:\Users\ASUS\.m2\repository\org\openjfx\javafx-base\22-ea+11\javafx-base-22-ea+11.jar;C:\Users\ASUS\.m2\repository\org\openjfx\javafx-fxml\22-ea+11\javafx-fxml-22-ea+11.jar;C:\Users\ASUS\.m2\repository\org\controlsfx\controlsfx\11.1.2\controlsfx-11.1.2.jar;C:\Users\ASUS\.m2\repository\com\dlsc\formsfx\formsfx-core\11.6.0\formsfx-core-11.6.0.jar;C:\Users\ASUS\.m2\repository\org\kordamp\bootstrapfx\bootstrapfx-core\0.4.0\bootstrapfx-core-0.4.0.jar;C:\Users\ASUS\Downloads\sqljdbc_12.6.3.0_enu\sqljdbc_12.6\enu\jars\mssql-jdbc-12.6.3.jre8.jar;C:\Users\ASUS\Downloads\sqljdbc_12.6.3.0_enu\sqljdbc_12.6\enu\jars\mssql-jdbc-12.6.3.jre11.jar
Launcher Type: SUN_STANDARD

[Global flags]
     intx CICompilerCount                          = 4                                         {product} {ergonomic}
     uint ConcGCThreads                            = 2                                         {product} {ergonomic}
     uint G1ConcRefinementThreads                  = 8                                         {product} {ergonomic}
   size_t G1HeapRegionSize                         = 1048576                                   {product} {ergonomic}
   size_t InitialHeapSize                          = 132120576                                 {product} {ergonomic}
   size_t MarkStackSize                            = 4194304                                   {product} {ergonomic}
   size_t MaxHeapSize                              = 2109734912                                {product} {ergonomic}
   size_t MaxNewSize                               = 1265631232                                {product} {ergonomic}
   size_t MinHeapDeltaBytes                        = 1048576                                   {product} {ergonomic}
   size_t MinHeapSize                              = 8388608                                   {product} {ergonomic}
    uintx NonNMethodCodeHeapSize                   = 5839372                                {pd product} {ergonomic}
    uintx NonProfiledCodeHeapSize                  = 122909434                              {pd product} {ergonomic}
    uintx ProfiledCodeHeapSize                     = 122909434                              {pd product} {ergonomic}
    uintx ReservedCodeCacheSize                    = 251658240                              {pd product} {ergonomic}
     bool SegmentedCodeCache                       = true                                      {product} {ergonomic}
   size_t SoftMaxHeapSize                          = 2109734912                             {manageable} {ergonomic}
     bool UseCompressedOops                        = true                           {product lp64_product} {ergonomic}
     bool UseG1GC                                  = true                                      {product} {ergonomic}
     bool UseLargePagesIndividualAllocation        = false                                  {pd product} {ergonomic}

Logging:
Log output configuration:
 #0: stdout all=warning uptime,level,tags foldmultilines=false
 #1: stderr all=off uptime,level,tags foldmultilines=false

Environment Variables:
PATH=C:\Program Files (x86)\Common Files\Oracle\Java\javapath;C:\Program Files\Common Files\Oracle\Java\javapath;C:\WINDOWS\system32;C:\WINDOWS;C:\WINDOWS\System32\Wbem;C:\WINDOWS\System32\WindowsPowerShell\v1.0\;C:\WINDOWS\System32\OpenSSH\;C:\Program Files\Intel\WiFi\bin\;C:\Program Files\Common Files\Intel\WirelessCommon\;C:\Program Files\dotnet\;C:\Program Files (x86)\dotnet\;C:\WINDOWS\system32;C:\WINDOWS;C:\WINDOWS\System32\Wbem;C:\WINDOWS\System32\WindowsPowerShell\v1.0\;C:\WINDOWS\System32\OpenSSH\;C:\Program Files\Git\cmd;C:\xampp\php;C:\composer;C:\Program Files\Microsoft SQL Server\Client SDK\ODBC\170\Tools\Binn\;C:\Program Files\nodejs\;C:\Program Files (x86)\Microsoft SQL Server\160\Tools\Binn\;C:\Program Files\Microsoft SQL Server\160\Tools\Binn\;C:\Program Files\Microsoft SQL Server\160\DTS\Binn\;C:\Program Files (x86)\Microsoft SQL Server\150\Tools\Binn\;C:\Program Files\Microsoft SQL Server\150\Tools\Binn\;C:\Program Files\Microsoft SQL Server\150\DTS\Binn\;C:\Program Files (x86)\Microsoft SQL Server\160\DTS\Binn\;C:\Users\ASUS\Scripts\;C:\Users\ASUS\;C:\Program Files\Common Files\Oracle\Java\javapath;C:\Program Files (x86)\Common Files\Oracle\Java\javapath;C:\WINDOWS\system32;C:\WINDOWS;C:\WINDOWS\System32\Wbem;C:\WINDOWS\System32\WindowsPowerShell\v1.0\;C:\WINDOWS\System32\OpenSSH\;C:\Program Files\Intel\WiFi\bin\;C:\Program Files\Common Files\Intel\WirelessCommon\;C:\Program Files\Microsoft SQL Server\130\Tools\Binn\;C:\Program Files\dotnet\;C:\Program Files\Microsoft SQL Server\Client SDK\ODBC\170\Tools\Binn\;C:\Program Files (x86)\Microsoft SQL Server\150\DTS\Binn\;C:\Program Files\Azure Data Studio\bin;C:\Program Files (x86)\Microsoft SQL Server\110\Tools\Binn\;C:\Program Files\Microsoft SQL Server\110\Tools\Binn\;C:\Program Files\Microsoft SQL Server\110\DTS\Binn\;C:\Program Files (x86)\dotnet\;C:\Program Files (x86)\VMware\VMware Workstation\bin\;C:\Program Files\In;C:\Python34\Scripts\pip;C:\Users\ASUS\.ipython;;C:\Users\ASUS\AppData\Local\Programs\Microsoft VS Code\bin;C:\Users\ASUS\AppData\Local\Microsoft\WindowsApps;C:\Users\ASUS\AppData\Roaming\Composer\vendor\bin;C:\Users\ASUS\.dotnet\tools;C:\Users\ASUS\AppData\Roaming\npm
USERNAME=ASUS
OS=Windows_NT
PROCESSOR_IDENTIFIER=Intel64 Family 6 Model 142 Stepping 11, GenuineIntel
TMP=C:\Users\ASUS\AppData\Local\Temp
TEMP=C:\Users\ASUS\AppData\Local\Temp




Periodic native trim disabled

---------------  S Y S T E M  ---------------

OS:
 Windows 11 , 64 bit Build 22621 (10.0.22621.3672)
OS uptime: 7 days 0:38 hours

CPU: total 8 (initial active 8) (4 cores per cpu, 2 threads per core) family 6 model 142 stepping 11 microcode 0xde, cx8, cmov, fxsr, ht, mmx, 3dnowpref, sse, sse2, sse3, ssse3, sse4.1, sse4.2, popcnt, lzcnt, tsc, tscinvbit, avx, avx2, aes, erms, clmul, bmi1, bmi2, adx, fma, vzeroupper, clflush, clflushopt, rdtscp, f16c
Processor Information for all 8 processors :
  Max Mhz: 1800, Current Mhz: 1600, Mhz Limit: 1584

Memory: 4k page, system-wide physical 8043M (454M free)
TotalPageFile size 25927M (AvailPageFile size 3M)
current process WorkingSet (physical memory assigned to process): 160M, peak: 160M
current process commit charge ("private bytes"): 280M, peak: 284M

vm_info: Java HotSpot(TM) 64-Bit Server VM (22.0.1+8-16) for windows-amd64 JRE (22.0.1+8-16), built on 2024-03-12T10:33:16Z by "mach5one" with MS VC++ 17.6 (VS2022)

END.
